
<!DOCTYPE html>
<html>


<head>
	<meta charset='utf-8' /> 
	<meta name='description' content='' />
	<meta name='robots' content='noodp, noydir' />
	<meta name='viewport' content='width=device-width, initial-scale=1' />
	<meta id="timeStampFormat" name="timeStampFormat" content='MMM d, yyyy hh:mm:ss a'/>
	
	<link href='https://fonts.googleapis.com/css?family=Source+Sans+Pro:400,600' rel='stylesheet' type='text/css'>
	<link href="https://fonts.googleapis.com/icon?family=Material+Icons" rel="stylesheet">

		<link href='https://cdn.rawgit.com/anshooarora/extentreports-java/bee7a4abdc590e21eec8618a90c81ff4d16e500a/dist/css/extent.css' type='text/css' rel='stylesheet' />
	
	<title>ExtentReports</title>

	<style type='text/css'>
	</style>
</head>

	<body class='extent standard default hide-overflow bdd-report'>
		<div id='theme-selector' alt='Click to toggle theme. To enable by default, use theme configuration.' title='Click to toggle theme. To enable by default, use theme configuration.'>
			<span><i class='material-icons'>desktop_windows</i></span>
		</div>

<nav>
	<div class="nav-wrapper">
		<a href="#!" class="brand-logo blue darken-3">Extent</a>

		<!-- slideout menu -->
		<ul id='slide-out' class='side-nav fixed hide-on-med-and-down'>
			<li class='waves-effect active'><a href='#!' view='test-view' onclick="configureView(0);chartsView('test');"><i class='material-icons'>dashboard</i></a></li>
						<li class='waves-effect'><a href='#!' view='category-view' onclick="configureView(1)"><i class='material-icons'>label_outline</i></a></li>
			<li class='waves-effect'><a href='#!' view='exception-view' onclick="configureView(2)"><i class='material-icons'>bug_report</i></a></li>
			<li class='waves-effect'><a href='#!' onclick="configureView(-1);chartsView('dashboard');" view='dashboard-view'><i class='material-icons'>track_changes</i></i></a></li>
		</ul>

		<!-- report name -->
		<span class='report-name'>ExtentReports</span>
		
		<!-- report headline -->
		<span class='report-headline'></span>

		<!-- nav-right -->
		<ul id='nav-mobile' class='right hide-on-med-and-down nav-right'>
			<li>
                <a href='#!'>
                    <span class='label suite-start-time blue darken-3'>Oct 21, 2022 10:17:05 PM</span>
				</a>
			</li>
			<li>
                <a href='#!'>
                    <span class='label blue darken-3'>v3.1.0</span>
				</a>
			</li>
		</ul>
	</div>
</nav>

		<!-- container -->
		<div class='container'>

<div id='test-view' class='view'>
				
	<section id='controls'>
		<div class='controls grey lighten-4'>
			<!-- test toggle -->
			<div class='chip transparent'>
				<a class='dropdown-button tests-toggle' data-activates='tests-toggle' data-constrainwidth='true' data-beloworigin='true' data-hover='true' href='#'>
					<i class='material-icons'>warning</i> Status
				</a>
				<ul id='tests-toggle' class='dropdown-content'>
											<li status='pass'><a href='#!'>Pass <i class='material-icons green-text'>check_circle</i></a></li>
						<li status='fail'><a href='#!'>Fail <i class='material-icons red-text'>cancel</i></a></li>
						<li status='skip'><a href='#!'>Skip <i class='material-icons cyan-text'>redo</i></a></li>
					<li class='divider'></li>
					<li status='clear' clear='true'><a href='#!'>Clear Filters <i class='material-icons'>clear</i></a></li>
				</ul>
			</div>
			<!-- test toggle -->

			<!-- category toggle -->
			<div class='chip transparent'>
				<a class='dropdown-button category-toggle' data-activates='category-toggle' data-constrainwidth='false' data-beloworigin='true' data-hover='true' href='#'>
					<i class='material-icons'>local_offer</i> Category
				</a>
				<ul id='category-toggle' class='dropdown-content'>
					<li><a href='#'>@tag</a></li>
					<li><a href='#'>@Registration</a></li>
					<li><a href='#'>@Login</a></li>
					<li><a href='#'>@CreateNewJob</a></li>
					<li><a href='#'>@PrescreeningQuestions</a></li>
					<li><a href='#'>@Attachments</a></li>
					<li><a href='#'>@Guestapplyjob</a></li>
					<li><a href='#'>@Application</a></li>
					<li><a href='#'>@tag1</a></li>
					<li><a href='#'>@Logout</a></li>
					<li><a href='#'>@Signinapplyjob</a></li>
					<li class='divider'></li>
					<li class='clear'><a href='#!' clear='true'>Clear Filters</a></li>
				</ul>
			</div>
			<!-- category toggle -->

			<!-- clear filters -->
			<div class='chip transparent hide'>
				<a class='' id='clear-filters' alt='Clear Filters' title='Clear Filters'>
					<i class='material-icons'>close</i> Clear
				</a>
			</div>
			<!-- clear filters -->

			<!-- enable dashboard -->
			<div id='toggle-test-view-charts' class='chip transparent'>
				<a class='pink-text' id='enable-dashboard' alt='Enable Dashboard' title='Enable Dashboard'>
					<i class='material-icons'>track_changes</i> Dashboard
				</a>
			</div>
			<!-- enable dashboard -->

			<!-- search -->
			<div class='chip transparent' alt='Search Tests' title='Search Tests'>
				<a href="#" class='search-div'>
					<i class='material-icons'>search</i> Search
				</a>

				<div class='input-field left hide'>
					<input id='search-tests' type='text' class='validate browser-default' placeholder='Search Tests...'>
				</div>
				
			</div>
			<!-- search -->
		</div>
	</section>


<div id='test-view-charts' class='subview-full'>
	<div id='charts-row' class='row nm-v nm-h'>
		<div class='col s12 m4 l4 np-h'>
			<div class='card-panel nm-v'>
				<div class='left panel-name'>Features</div>
				<div class='chart-box'>
					<canvas id='parent-analysis' width='100' height='80'></canvas>
				</div>
				<div class='block text-small'>
					<span class='tooltipped' data-position='top' data-tooltip='0%'><span class='strong'>0</span> feature(s) passed</span>
				</div>
				<div class='block text-small'>
					<span class='strong tooltipped' data-position='top' data-tooltip='100%'>6</span> feature(s) failed, <span class='strong tooltipped' data-position='top' data-tooltip='0%'>0</span> others
				</div>
			</div>
		</div>
		
		<div class='col s12 m4 l4 np-h'>
			<div class='card-panel nm-v'>
				<div class='left panel-name'>Scenarios</div>
				<div class='chart-box'>
					<canvas id='child-analysis' width='100' height='80'></canvas>
				</div>
				<div class='block text-small'>
					<span class='tooltipped' data-position='top' data-tooltip='0%'><span class='strong'>0</span> scenario(s) passed</span>
				</div>
				<div class='block text-small'>
					<span class='strong tooltipped' data-position='top' data-tooltip='100%'>14</span> scenario(s) failed, <span class='strong tooltipped' data-position='top' data-tooltip='0%'>0</span> others
				</div>
			</div>
		</div>
		
		<div class='col s12 m4 l4 np-h'>
			<div class='card-panel nm-v'>
				<div class='left panel-name'>Steps</div>
				<div class='chart-box'>
					<canvas id='grandchild-analysis' width='100' height='80'></canvas>
				</div>
				<div class='block text-small'>
					<span class='tooltipped' data-position='top' data-tooltip='4.545%'><span class='strong'>6</span> step(s) passed</span>
				</div>
				<div class='block text-small'>
					<span class='strong tooltipped' data-position='top' data-tooltip='10.606%'>14</span> step(s) failed, <span class='strong tooltipped' data-position='top' data-tooltip='84.848%'>112</span> others
				</div>
			</div>
		</div>
	</div>
</div>

	<div class='subview-left left'>
		
		<div class='view-summary'>
			<h5>Features</h5>
			<ul id='test-collection' class='test-collection'>
				
				
				<li class='test displayed active has-leaf fail' status='fail' bdd='true' test-id='1'>
					<div class='test-heading'>
						<span class='test-name'>Candidate choose Sign in and Apply</span>
						<span class='test-time'>Oct 21, 2022 10:17:05 PM</span>
						<span class='test-status right fail'>fail</span>
					</div>
					<div class='test-content hide'>
<div class='scenariooutline node' test-id='2' status='fail'>
	<span class='duration right label'>0h 0m 7s+958ms</span>
	<div class='desc'>
		<b>ScenarioOutline</b>
		<span class="desc-text">Verify Candidate registration</span>
	</div>
	<ul class='steps'>
		<li test-id='3' class='node scenario fail' status='fail'>
			<div class='category-list'>
				<span class='category label white-text'>@tag</span>
				<span class='category label white-text'>@Registration</span>
			</div>
			
			<b>Scenario</b>
			
			<span class="bdd-step-name">Verify Candidate registration</span>
			
				<ul class='steps'>
					<li test-id='4' class='node given pass' status='pass'><b>Given</b>
						<span class="bdd-step-name">Given Candidate clicks on job link</span>
							<div class='pre'>passed</div>
					</li>
					<li test-id='5' class='node when fail' status='fail'><b>When</b>
						<span class="bdd-step-name">When Candidate clicks on apply button of Job</span>
							<div class='pre'><pre>org.openqa.selenium.NoSuchWindowException: no such window: target window already closed
from unknown error: web view not found
  (Session info: chrome=106.0.5249.119)
Build info: version: '3.141.59', revision: 'e82be7d358', time: '2018-11-14T08:17:03'
System info: host: 'PAUL', ip: '192.168.1.5', os.name: 'Windows 10', os.arch: 'amd64', os.version: '10.0', java.version: '1.8.0_121'
Driver info: org.openqa.selenium.chrome.ChromeDriver
Capabilities {acceptInsecureCerts: false, browserName: chrome, browserVersion: 106.0.5249.119, chrome: {chromedriverVersion: 106.0.5249.61 (511755355844..., userDataDir: C:\Users\paul\AppData\Local...}, goog:chromeOptions: {debuggerAddress: localhost:50935}, javascriptEnabled: true, networkConnectionEnabled: false, pageLoadStrategy: normal, platform: WINDOWS, platformName: WINDOWS, proxy: Proxy(), setWindowRect: true, strictFileInteractability: false, timeouts: {implicit: 0, pageLoad: 300000, script: 30000}, unhandledPromptBehavior: dismiss and notify, webauthn:extension:credBlob: true, webauthn:extension:largeBlob: true, webauthn:virtualAuthenticators: true}
Session ID: f12607134e27236ba5d8a3145096e70c
*** Element info: {Using=xpath, value=//a[@id='hs-eu-confirmation-button']}
	at sun.reflect.NativeConstructorAccessorImpl.newInstance0(Native Method)
	at sun.reflect.NativeConstructorAccessorImpl.newInstance(NativeConstructorAccessorImpl.java:62)
	at sun.reflect.DelegatingConstructorAccessorImpl.newInstance(DelegatingConstructorAccessorImpl.java:45)
	at java.lang.reflect.Constructor.newInstance(Constructor.java:423)
	at org.openqa.selenium.remote.http.W3CHttpResponseCodec.createException(W3CHttpResponseCodec.java:187)
	at org.openqa.selenium.remote.http.W3CHttpResponseCodec.decode(W3CHttpResponseCodec.java:122)
	at org.openqa.selenium.remote.http.W3CHttpResponseCodec.decode(W3CHttpResponseCodec.java:49)
	at org.openqa.selenium.remote.HttpCommandExecutor.execute(HttpCommandExecutor.java:158)
	at org.openqa.selenium.remote.service.DriverCommandExecutor.execute(DriverCommandExecutor.java:83)
	at org.openqa.selenium.remote.RemoteWebDriver.execute(RemoteWebDriver.java:552)
	at org.openqa.selenium.remote.RemoteWebDriver.findElement(RemoteWebDriver.java:323)
	at org.openqa.selenium.remote.RemoteWebDriver.findElementByXPath(RemoteWebDriver.java:428)
	at org.openqa.selenium.By$ByXPath.findElement(By.java:353)
	at org.openqa.selenium.remote.RemoteWebDriver.findElement(RemoteWebDriver.java:315)
	at stepdef.Stepdef.candidate_clicks_on_apply_button_of_Job(Stepdef.java:549)
	at ✽.When Candidate clicks on apply button of Job(candidatereg.feature:7)
</pre></div>
					</li>
					<li test-id='6' class='node and skip' status='skip'><b>And</b>
						<span class="bdd-step-name">And candidate choose sign in option to apply</span>
							<div class='pre'>skipped</div>
					</li>
					<li test-id='7' class='node given skip' status='skip'><b>Given</b>
						<span class="bdd-step-name">Given candidate click on register Link</span>
							<div class='pre'>skipped</div>
					</li>
					<li test-id='8' class='node when skip' status='skip'><b>When</b>
						<span class="bdd-step-name">When candidate enter first name "karun"</span>
							<div class='pre'>skipped</div>
					</li>
					<li test-id='9' class='node and skip' status='skip'><b>And</b>
						<span class="bdd-step-name">And candidate enter last name "kumar"</span>
							<div class='pre'>skipped</div>
					</li>
					<li test-id='10' class='node and skip' status='skip'><b>And</b>
						<span class="bdd-step-name">And candidate enters email "karun11@0001.com"</span>
							<div class='pre'>skipped</div>
					</li>
					<li test-id='11' class='node and skip' status='skip'><b>And</b>
						<span class="bdd-step-name">And candidate enters password "akshay@0001"</span>
							<div class='pre'>skipped</div>
					</li>
					<li test-id='12' class='node and skip' status='skip'><b>And</b>
						<span class="bdd-step-name">And candidate enters conformpassword "akshay@0001"</span>
							<div class='pre'>skipped</div>
					</li>
					<li test-id='13' class='node and skip' status='skip'><b>And</b>
						<span class="bdd-step-name">And candidate accepts terms and conditions</span>
							<div class='pre'>skipped</div>
					</li>
					<li test-id='14' class='node and skip' status='skip'><b>And</b>
						<span class="bdd-step-name">And candidate enters submit button of registration</span>
							<div class='pre'>skipped</div>
					</li>
				</ul>
		</li>
		<li test-id='15' class='node scenario fail' status='fail'>
			<div class='category-list'>
				<span class='category label white-text'>@tag</span>
				<span class='category label white-text'>@Registration</span>
			</div>
			
			<b>Scenario</b>
			
			<span class="bdd-step-name">Verify Candidate registration</span>
			
				<ul class='steps'>
					<li test-id='16' class='node given pass' status='pass'><b>Given</b>
						<span class="bdd-step-name">Given Candidate clicks on job link</span>
							<div class='pre'>passed</div>
					</li>
					<li test-id='17' class='node when fail' status='fail'><b>When</b>
						<span class="bdd-step-name">When Candidate clicks on apply button of Job</span>
							<div class='pre'><pre>org.openqa.selenium.NoSuchWindowException: no such window: target window already closed
from unknown error: web view not found
  (Session info: chrome=106.0.5249.119)
Build info: version: '3.141.59', revision: 'e82be7d358', time: '2018-11-14T08:17:03'
System info: host: 'PAUL', ip: '192.168.1.5', os.name: 'Windows 10', os.arch: 'amd64', os.version: '10.0', java.version: '1.8.0_121'
Driver info: org.openqa.selenium.chrome.ChromeDriver
Capabilities {acceptInsecureCerts: false, browserName: chrome, browserVersion: 106.0.5249.119, chrome: {chromedriverVersion: 106.0.5249.61 (511755355844..., userDataDir: C:\Users\paul\AppData\Local...}, goog:chromeOptions: {debuggerAddress: localhost:50961}, javascriptEnabled: true, networkConnectionEnabled: false, pageLoadStrategy: normal, platform: WINDOWS, platformName: WINDOWS, proxy: Proxy(), setWindowRect: true, strictFileInteractability: false, timeouts: {implicit: 0, pageLoad: 300000, script: 30000}, unhandledPromptBehavior: dismiss and notify, webauthn:extension:credBlob: true, webauthn:extension:largeBlob: true, webauthn:virtualAuthenticators: true}
Session ID: 6fa93e9b2ba6896073039bbf07a963ef
*** Element info: {Using=xpath, value=//a[@id='hs-eu-confirmation-button']}
	at sun.reflect.NativeConstructorAccessorImpl.newInstance0(Native Method)
	at sun.reflect.NativeConstructorAccessorImpl.newInstance(NativeConstructorAccessorImpl.java:62)
	at sun.reflect.DelegatingConstructorAccessorImpl.newInstance(DelegatingConstructorAccessorImpl.java:45)
	at java.lang.reflect.Constructor.newInstance(Constructor.java:423)
	at org.openqa.selenium.remote.http.W3CHttpResponseCodec.createException(W3CHttpResponseCodec.java:187)
	at org.openqa.selenium.remote.http.W3CHttpResponseCodec.decode(W3CHttpResponseCodec.java:122)
	at org.openqa.selenium.remote.http.W3CHttpResponseCodec.decode(W3CHttpResponseCodec.java:49)
	at org.openqa.selenium.remote.HttpCommandExecutor.execute(HttpCommandExecutor.java:158)
	at org.openqa.selenium.remote.service.DriverCommandExecutor.execute(DriverCommandExecutor.java:83)
	at org.openqa.selenium.remote.RemoteWebDriver.execute(RemoteWebDriver.java:552)
	at org.openqa.selenium.remote.RemoteWebDriver.findElement(RemoteWebDriver.java:323)
	at org.openqa.selenium.remote.RemoteWebDriver.findElementByXPath(RemoteWebDriver.java:428)
	at org.openqa.selenium.By$ByXPath.findElement(By.java:353)
	at org.openqa.selenium.remote.RemoteWebDriver.findElement(RemoteWebDriver.java:315)
	at stepdef.Stepdef.candidate_clicks_on_apply_button_of_Job(Stepdef.java:549)
	at ✽.When Candidate clicks on apply button of Job(candidatereg.feature:7)
</pre></div>
					</li>
					<li test-id='18' class='node and skip' status='skip'><b>And</b>
						<span class="bdd-step-name">And candidate choose sign in option to apply</span>
							<div class='pre'>skipped</div>
					</li>
					<li test-id='19' class='node given skip' status='skip'><b>Given</b>
						<span class="bdd-step-name">Given candidate click on register Link</span>
							<div class='pre'>skipped</div>
					</li>
					<li test-id='20' class='node when skip' status='skip'><b>When</b>
						<span class="bdd-step-name">When candidate enter first name "Suresh"</span>
							<div class='pre'>skipped</div>
					</li>
					<li test-id='21' class='node and skip' status='skip'><b>And</b>
						<span class="bdd-step-name">And candidate enter last name "kumar"</span>
							<div class='pre'>skipped</div>
					</li>
					<li test-id='22' class='node and skip' status='skip'><b>And</b>
						<span class="bdd-step-name">And candidate enters email "suresh11@0001.com"</span>
							<div class='pre'>skipped</div>
					</li>
					<li test-id='23' class='node and skip' status='skip'><b>And</b>
						<span class="bdd-step-name">And candidate enters password "suresh@0001"</span>
							<div class='pre'>skipped</div>
					</li>
					<li test-id='24' class='node and skip' status='skip'><b>And</b>
						<span class="bdd-step-name">And candidate enters conformpassword "suresh@0001"</span>
							<div class='pre'>skipped</div>
					</li>
					<li test-id='25' class='node and skip' status='skip'><b>And</b>
						<span class="bdd-step-name">And candidate accepts terms and conditions</span>
							<div class='pre'>skipped</div>
					</li>
					<li test-id='26' class='node and skip' status='skip'><b>And</b>
						<span class="bdd-step-name">And candidate enters submit button of registration</span>
							<div class='pre'>skipped</div>
					</li>
				</ul>
		</li>
	</ul>
</div>
					</div>
				</li>
				
				
				<li class='test displayed active has-leaf fail' status='fail' bdd='true' test-id='27'>
					<div class='test-heading'>
						<span class='test-name'>Create new Job with Basic Information</span>
						<span class='test-time'>Oct 21, 2022 10:17:13 PM</span>
						<span class='test-status right fail'>fail</span>
					</div>
					<div class='test-content hide'>
<div class='scenario node' test-id='28' status='fail'>
	<div class='category-list'>
		<span class='category label white-text'>@Login</span>
	</div>
	<span class='duration right label'>0h 0m 2s+938ms</span>
	<div class='desc'>
		<b>Scenario</b>
		<span class="desc-text">Verify Recruiter Ai Login Functionality</span>
	</div>
	<ul class='steps'>
		<li test-id='29' class='node given fail' status='fail'>
			
			<b>Given</b>
			
			<span class="bdd-step-name">Given Launch Application using valid URL</span>
				<div class='pre'><pre>org.openqa.selenium.WebDriverException: disconnected: received Inspector.detached event
  (failed to check if window was closed: disconnected: Unable to receive message from renderer)
  (Session info: chrome=106.0.5249.119)
Build info: version: '3.141.59', revision: 'e82be7d358', time: '2018-11-14T08:17:03'
System info: host: 'PAUL', ip: '192.168.1.5', os.name: 'Windows 10', os.arch: 'amd64', os.version: '10.0', java.version: '1.8.0_121'
Driver info: org.openqa.selenium.chrome.ChromeDriver
Capabilities {acceptInsecureCerts: false, browserName: chrome, browserVersion: 106.0.5249.119, chrome: {chromedriverVersion: 106.0.5249.61 (511755355844..., userDataDir: C:\Users\paul\AppData\Local...}, goog:chromeOptions: {debuggerAddress: localhost:50987}, javascriptEnabled: true, networkConnectionEnabled: false, pageLoadStrategy: normal, platform: WINDOWS, platformName: WINDOWS, proxy: Proxy(), setWindowRect: true, strictFileInteractability: false, timeouts: {implicit: 0, pageLoad: 300000, script: 30000}, unhandledPromptBehavior: dismiss and notify, webauthn:extension:credBlob: true, webauthn:extension:largeBlob: true, webauthn:virtualAuthenticators: true}
Session ID: 1b709870c31e6e05433eeedecad181d0
	at sun.reflect.NativeConstructorAccessorImpl.newInstance0(Native Method)
	at sun.reflect.NativeConstructorAccessorImpl.newInstance(NativeConstructorAccessorImpl.java:62)
	at sun.reflect.DelegatingConstructorAccessorImpl.newInstance(DelegatingConstructorAccessorImpl.java:45)
	at java.lang.reflect.Constructor.newInstance(Constructor.java:423)
	at org.openqa.selenium.remote.http.W3CHttpResponseCodec.createException(W3CHttpResponseCodec.java:187)
	at org.openqa.selenium.remote.http.W3CHttpResponseCodec.decode(W3CHttpResponseCodec.java:122)
	at org.openqa.selenium.remote.http.W3CHttpResponseCodec.decode(W3CHttpResponseCodec.java:49)
	at org.openqa.selenium.remote.HttpCommandExecutor.execute(HttpCommandExecutor.java:158)
	at org.openqa.selenium.remote.service.DriverCommandExecutor.execute(DriverCommandExecutor.java:83)
	at org.openqa.selenium.remote.RemoteWebDriver.execute(RemoteWebDriver.java:552)
	at org.openqa.selenium.remote.RemoteWebDriver.get(RemoteWebDriver.java:277)
	at stepdef.Stepdef.launch_Application_using_valid_URL(Stepdef.java:32)
	at ✽.Given Launch Application using valid URL(createbasicjob.feature:6)
</pre></div>
			
		</li>
		<li test-id='30' class='node then skip' status='skip'>
			
			<b>Then</b>
			
			<span class="bdd-step-name">Then accept cookies and choose login type</span>
				<div class='pre'>skipped</div>
			
		</li>
		<li test-id='31' class='node when skip' status='skip'>
			
			<b>When</b>
			
			<span class="bdd-step-name">When enters valid credentials "paul@trainingqa.com" and "XPAStag0"</span>
				<div class='pre'>skipped</div>
			
		</li>
		<li test-id='32' class='node then skip' status='skip'>
			
			<b>Then</b>
			
			<span class="bdd-step-name">Then verify captcha and click on Login button</span>
				<div class='pre'>skipped</div>
			
		</li>
	</ul>
</div>
<div class='scenariooutline node' test-id='33' status='fail'>
	<span class='duration right label'>0h 0m 5s+80ms</span>
	<div class='desc'>
		<b>ScenarioOutline</b>
		<span class="desc-text">Verify create new job functionality with basic information</span>
	</div>
	<ul class='steps'>
		<li test-id='34' class='node scenario fail' status='fail'>
			<div class='category-list'>
				<span class='category label white-text'>@tag</span>
				<span class='category label white-text'>@CreateNewJob</span>
			</div>
			
			<b>Scenario</b>
			
			<span class="bdd-step-name">Verify create new job functionality with basic information</span>
			
				<ul class='steps'>
					<li test-id='35' class='node given fail' status='fail'><b>Given</b>
						<span class="bdd-step-name">Given Recruiter clicks on Jobs Menu</span>
							<div class='pre'><pre>org.openqa.selenium.NoSuchWindowException: no such window: target window already closed
from unknown error: web view not found
  (Session info: chrome=106.0.5249.119)
Build info: version: '3.141.59', revision: 'e82be7d358', time: '2018-11-14T08:17:03'
System info: host: 'PAUL', ip: '192.168.1.5', os.name: 'Windows 10', os.arch: 'amd64', os.version: '10.0', java.version: '1.8.0_121'
Driver info: org.openqa.selenium.chrome.ChromeDriver
Capabilities {acceptInsecureCerts: false, browserName: chrome, browserVersion: 106.0.5249.119, chrome: {chromedriverVersion: 106.0.5249.61 (511755355844..., userDataDir: C:\Users\paul\AppData\Local...}, goog:chromeOptions: {debuggerAddress: localhost:50987}, javascriptEnabled: true, networkConnectionEnabled: false, pageLoadStrategy: normal, platform: WINDOWS, platformName: WINDOWS, proxy: Proxy(), setWindowRect: true, strictFileInteractability: false, timeouts: {implicit: 0, pageLoad: 300000, script: 30000}, unhandledPromptBehavior: dismiss and notify, webauthn:extension:credBlob: true, webauthn:extension:largeBlob: true, webauthn:virtualAuthenticators: true}
Session ID: 1b709870c31e6e05433eeedecad181d0
*** Element info: {Using=xpath, value=(//a[@class='bx--header__menu-item'])[2]}
	at sun.reflect.NativeConstructorAccessorImpl.newInstance0(Native Method)
	at sun.reflect.NativeConstructorAccessorImpl.newInstance(NativeConstructorAccessorImpl.java:62)
	at sun.reflect.DelegatingConstructorAccessorImpl.newInstance(DelegatingConstructorAccessorImpl.java:45)
	at java.lang.reflect.Constructor.newInstance(Constructor.java:423)
	at org.openqa.selenium.remote.http.W3CHttpResponseCodec.createException(W3CHttpResponseCodec.java:187)
	at org.openqa.selenium.remote.http.W3CHttpResponseCodec.decode(W3CHttpResponseCodec.java:122)
	at org.openqa.selenium.remote.http.W3CHttpResponseCodec.decode(W3CHttpResponseCodec.java:49)
	at org.openqa.selenium.remote.HttpCommandExecutor.execute(HttpCommandExecutor.java:158)
	at org.openqa.selenium.remote.service.DriverCommandExecutor.execute(DriverCommandExecutor.java:83)
	at org.openqa.selenium.remote.RemoteWebDriver.execute(RemoteWebDriver.java:552)
	at org.openqa.selenium.remote.RemoteWebDriver.findElement(RemoteWebDriver.java:323)
	at org.openqa.selenium.remote.RemoteWebDriver.findElementByXPath(RemoteWebDriver.java:428)
	at org.openqa.selenium.By$ByXPath.findElement(By.java:353)
	at org.openqa.selenium.remote.RemoteWebDriver.findElement(RemoteWebDriver.java:315)
	at stepdef.Stepdef.recruiter_clicks_on_Jobs_Menu(Stepdef.java:65)
	at ✽.Given Recruiter clicks on Jobs Menu(createbasicjob.feature:13)
</pre></div>
					</li>
					<li test-id='36' class='node then skip' status='skip'><b>Then</b>
						<span class="bdd-step-name">Then select create new job section</span>
							<div class='pre'>skipped</div>
					</li>
					<li test-id='37' class='node when skip' status='skip'><b>When</b>
						<span class="bdd-step-name">When click on Start button of form</span>
							<div class='pre'>skipped</div>
					</li>
					<li test-id='38' class='node and skip' status='skip'><b>And</b>
						<span class="bdd-step-name">And choose office address "Hyderabad"</span>
							<div class='pre'>skipped</div>
					</li>
					<li test-id='39' class='node and skip' status='skip'><b>And</b>
						<span class="bdd-step-name">And add Job Title as "software engineer"</span>
							<div class='pre'>skipped</div>
					</li>
					<li test-id='40' class='node and skip' status='skip'><b>And</b>
						<span class="bdd-step-name">And add internal code for job "Job0001"</span>
							<div class='pre'>skipped</div>
					</li>
					<li test-id='41' class='node and skip' status='skip'><b>And</b>
						<span class="bdd-step-name">And select Job Status as "internal&external"</span>
							<div class='pre'>skipped</div>
					</li>
					<li test-id='42' class='node and skip' status='skip'><b>And</b>
						<span class="bdd-step-name">And choose candidates from other countries</span>
							<div class='pre'>skipped</div>
					</li>
					<li test-id='43' class='node and skip' status='skip'><b>And</b>
						<span class="bdd-step-name">And enable rank and file job</span>
							<div class='pre'>skipped</div>
					</li>
					<li test-id='44' class='node and skip' status='skip'><b>And</b>
						<span class="bdd-step-name">And Select Country Location "India"</span>
							<div class='pre'>skipped</div>
					</li>
					<li test-id='45' class='node and skip' status='skip'><b>And</b>
						<span class="bdd-step-name">And Select City location "Hyderabad"</span>
							<div class='pre'>skipped</div>
					</li>
					<li test-id='46' class='node and skip' status='skip'><b>And</b>
						<span class="bdd-step-name">And add skills "java" and "sql"</span>
							<div class='pre'>skipped</div>
					</li>
					<li test-id='47' class='node and skip' status='skip'><b>And</b>
						<span class="bdd-step-name">And add Qualification "Bachelor's degree"</span>
							<div class='pre'>skipped</div>
					</li>
					<li test-id='48' class='node and skip' status='skip'><b>And</b>
						<span class="bdd-step-name">And add job type in emp details as "Permanent"</span>
							<div class='pre'>skipped</div>
					</li>
					<li test-id='49' class='node and skip' status='skip'><b>And</b>
						<span class="bdd-step-name">And select minimum experience as "2"</span>
							<div class='pre'>skipped</div>
					</li>
					<li test-id='50' class='node and skip' status='skip'><b>And</b>
						<span class="bdd-step-name">And select maximum experience as "10"</span>
							<div class='pre'>skipped</div>
					</li>
					<li test-id='51' class='node and skip' status='skip'><b>And</b>
						<span class="bdd-step-name">And choose Employment type as "full-time"</span>
							<div class='pre'>skipped</div>
					</li>
					<li test-id='52' class='node and skip' status='skip'><b>And</b>
						<span class="bdd-step-name">And choose no of vacancies "15"</span>
							<div class='pre'>skipped</div>
					</li>
					<li test-id='53' class='node and skip' status='skip'><b>And</b>
						<span class="bdd-step-name">And choose close date of job "12/02/2022"</span>
							<div class='pre'>skipped</div>
					</li>
					<li test-id='54' class='node and skip' status='skip'><b>And</b>
						<span class="bdd-step-name">And add Job Description "candidate should be expert in java"</span>
							<div class='pre'>skipped</div>
					</li>
					<li test-id='55' class='node and skip' status='skip'><b>And</b>
						<span class="bdd-step-name">And add Job Requirements "3 years experience"</span>
							<div class='pre'>skipped</div>
					</li>
					<li test-id='56' class='node and skip' status='skip'><b>And</b>
						<span class="bdd-step-name">And choose primary recruiter "anand paul"</span>
							<div class='pre'>skipped</div>
					</li>
					<li test-id='57' class='node and skip' status='skip'><b>And</b>
						<span class="bdd-step-name">And click on submit button of job</span>
							<div class='pre'>skipped</div>
					</li>
				</ul>
		</li>
	</ul>
</div>
					</div>
				</li>
				
				
				<li class='test displayed active has-leaf fail' status='fail' bdd='true' test-id='58'>
					<div class='test-heading'>
						<span class='test-name'>Create New Job with all details</span>
						<span class='test-time'>Oct 21, 2022 10:17:21 PM</span>
						<span class='test-status right fail'>fail</span>
					</div>
					<div class='test-content hide'>
<div class='scenario node' test-id='59' status='fail'>
	<div class='category-list'>
		<span class='category label white-text'>@Login</span>
	</div>
	<span class='duration right label'>0h 0m 2s+771ms</span>
	<div class='desc'>
		<b>Scenario</b>
		<span class="desc-text">Verify Recruiter Ai Login Functionality</span>
	</div>
	<ul class='steps'>
		<li test-id='60' class='node given pass' status='pass'>
			
			<b>Given</b>
			
			<span class="bdd-step-name">Given Launch Application using valid URL</span>
				<div class='pre'>passed</div>
			
		</li>
		<li test-id='61' class='node then fail' status='fail'>
			
			<b>Then</b>
			
			<span class="bdd-step-name">Then accept cookies and choose login type</span>
				<div class='pre'><pre>org.openqa.selenium.NoSuchWindowException: no such window: target window already closed
from unknown error: web view not found
  (Session info: chrome=106.0.5249.119)
Build info: version: '3.141.59', revision: 'e82be7d358', time: '2018-11-14T08:17:03'
System info: host: 'PAUL', ip: '192.168.1.5', os.name: 'Windows 10', os.arch: 'amd64', os.version: '10.0', java.version: '1.8.0_121'
Driver info: org.openqa.selenium.chrome.ChromeDriver
Capabilities {acceptInsecureCerts: false, browserName: chrome, browserVersion: 106.0.5249.119, chrome: {chromedriverVersion: 106.0.5249.61 (511755355844..., userDataDir: C:\Users\paul\AppData\Local...}, goog:chromeOptions: {debuggerAddress: localhost:51017}, javascriptEnabled: true, networkConnectionEnabled: false, pageLoadStrategy: normal, platform: WINDOWS, platformName: WINDOWS, proxy: Proxy(), setWindowRect: true, strictFileInteractability: false, timeouts: {implicit: 0, pageLoad: 300000, script: 30000}, unhandledPromptBehavior: dismiss and notify, webauthn:extension:credBlob: true, webauthn:extension:largeBlob: true, webauthn:virtualAuthenticators: true}
Session ID: 0501d1a3942824562905e04f7ddb1dbb
*** Element info: {Using=id, value=hs-eu-confirmation-button}
	at sun.reflect.NativeConstructorAccessorImpl.newInstance0(Native Method)
	at sun.reflect.NativeConstructorAccessorImpl.newInstance(NativeConstructorAccessorImpl.java:62)
	at sun.reflect.DelegatingConstructorAccessorImpl.newInstance(DelegatingConstructorAccessorImpl.java:45)
	at java.lang.reflect.Constructor.newInstance(Constructor.java:423)
	at org.openqa.selenium.remote.http.W3CHttpResponseCodec.createException(W3CHttpResponseCodec.java:187)
	at org.openqa.selenium.remote.http.W3CHttpResponseCodec.decode(W3CHttpResponseCodec.java:122)
	at org.openqa.selenium.remote.http.W3CHttpResponseCodec.decode(W3CHttpResponseCodec.java:49)
	at org.openqa.selenium.remote.HttpCommandExecutor.execute(HttpCommandExecutor.java:158)
	at org.openqa.selenium.remote.service.DriverCommandExecutor.execute(DriverCommandExecutor.java:83)
	at org.openqa.selenium.remote.RemoteWebDriver.execute(RemoteWebDriver.java:552)
	at org.openqa.selenium.remote.RemoteWebDriver.findElement(RemoteWebDriver.java:323)
	at org.openqa.selenium.remote.RemoteWebDriver.findElementById(RemoteWebDriver.java:372)
	at org.openqa.selenium.By$ById.findElement(By.java:188)
	at org.openqa.selenium.remote.RemoteWebDriver.findElement(RemoteWebDriver.java:315)
	at stepdef.Stepdef.accept_cookies_and_choose_login_type(Stepdef.java:41)
	at ✽.Then accept cookies and choose login type(createnewjob.feature:6)
</pre></div>
			
		</li>
		<li test-id='62' class='node when skip' status='skip'>
			
			<b>When</b>
			
			<span class="bdd-step-name">When enters valid credentials "paul@trainingqa.com" and "XPAStag0"</span>
				<div class='pre'>skipped</div>
			
		</li>
		<li test-id='63' class='node then skip' status='skip'>
			
			<b>Then</b>
			
			<span class="bdd-step-name">Then verify captcha and click on Login button</span>
				<div class='pre'>skipped</div>
			
		</li>
	</ul>
</div>
<div class='scenariooutline node' test-id='64' status='fail'>
	<span class='duration right label'>0h 0m 5s+79ms</span>
	<div class='desc'>
		<b>ScenarioOutline</b>
		<span class="desc-text">Verify create new job functionality</span>
	</div>
	<ul class='steps'>
		<li test-id='65' class='node scenario fail' status='fail'>
			<div class='category-list'>
				<span class='category label white-text'>@tag</span>
				<span class='category label white-text'>@CreateNewJob</span>
			</div>
			
			<b>Scenario</b>
			
			<span class="bdd-step-name">Verify create new job functionality</span>
			
				<ul class='steps'>
					<li test-id='66' class='node given fail' status='fail'><b>Given</b>
						<span class="bdd-step-name">Given Recruiter clicks on Jobs Menu</span>
							<div class='pre'><pre>org.openqa.selenium.NoSuchWindowException: no such window: target window already closed
from unknown error: web view not found
  (Session info: chrome=106.0.5249.119)
Build info: version: '3.141.59', revision: 'e82be7d358', time: '2018-11-14T08:17:03'
System info: host: 'PAUL', ip: '192.168.1.5', os.name: 'Windows 10', os.arch: 'amd64', os.version: '10.0', java.version: '1.8.0_121'
Driver info: org.openqa.selenium.chrome.ChromeDriver
Capabilities {acceptInsecureCerts: false, browserName: chrome, browserVersion: 106.0.5249.119, chrome: {chromedriverVersion: 106.0.5249.61 (511755355844..., userDataDir: C:\Users\paul\AppData\Local...}, goog:chromeOptions: {debuggerAddress: localhost:51017}, javascriptEnabled: true, networkConnectionEnabled: false, pageLoadStrategy: normal, platform: WINDOWS, platformName: WINDOWS, proxy: Proxy(), setWindowRect: true, strictFileInteractability: false, timeouts: {implicit: 0, pageLoad: 300000, script: 30000}, unhandledPromptBehavior: dismiss and notify, webauthn:extension:credBlob: true, webauthn:extension:largeBlob: true, webauthn:virtualAuthenticators: true}
Session ID: 0501d1a3942824562905e04f7ddb1dbb
*** Element info: {Using=xpath, value=(//a[@class='bx--header__menu-item'])[2]}
	at sun.reflect.NativeConstructorAccessorImpl.newInstance0(Native Method)
	at sun.reflect.NativeConstructorAccessorImpl.newInstance(NativeConstructorAccessorImpl.java:62)
	at sun.reflect.DelegatingConstructorAccessorImpl.newInstance(DelegatingConstructorAccessorImpl.java:45)
	at java.lang.reflect.Constructor.newInstance(Constructor.java:423)
	at org.openqa.selenium.remote.http.W3CHttpResponseCodec.createException(W3CHttpResponseCodec.java:187)
	at org.openqa.selenium.remote.http.W3CHttpResponseCodec.decode(W3CHttpResponseCodec.java:122)
	at org.openqa.selenium.remote.http.W3CHttpResponseCodec.decode(W3CHttpResponseCodec.java:49)
	at org.openqa.selenium.remote.HttpCommandExecutor.execute(HttpCommandExecutor.java:158)
	at org.openqa.selenium.remote.service.DriverCommandExecutor.execute(DriverCommandExecutor.java:83)
	at org.openqa.selenium.remote.RemoteWebDriver.execute(RemoteWebDriver.java:552)
	at org.openqa.selenium.remote.RemoteWebDriver.findElement(RemoteWebDriver.java:323)
	at org.openqa.selenium.remote.RemoteWebDriver.findElementByXPath(RemoteWebDriver.java:428)
	at org.openqa.selenium.By$ByXPath.findElement(By.java:353)
	at org.openqa.selenium.remote.RemoteWebDriver.findElement(RemoteWebDriver.java:315)
	at stepdef.Stepdef.recruiter_clicks_on_Jobs_Menu(Stepdef.java:65)
	at ✽.Given Recruiter clicks on Jobs Menu(createnewjob.feature:12)
</pre></div>
					</li>
					<li test-id='67' class='node then skip' status='skip'><b>Then</b>
						<span class="bdd-step-name">Then select create new job section</span>
							<div class='pre'>skipped</div>
					</li>
					<li test-id='68' class='node when skip' status='skip'><b>When</b>
						<span class="bdd-step-name">When click on Start button of form</span>
							<div class='pre'>skipped</div>
					</li>
					<li test-id='69' class='node and skip' status='skip'><b>And</b>
						<span class="bdd-step-name">And choose office address "Hyderabad"</span>
							<div class='pre'>skipped</div>
					</li>
					<li test-id='70' class='node and skip' status='skip'><b>And</b>
						<span class="bdd-step-name">And add Job Title as "software engineer"</span>
							<div class='pre'>skipped</div>
					</li>
					<li test-id='71' class='node and skip' status='skip'><b>And</b>
						<span class="bdd-step-name">And add internal code for job "Job0001"</span>
							<div class='pre'>skipped</div>
					</li>
					<li test-id='72' class='node and skip' status='skip'><b>And</b>
						<span class="bdd-step-name">And select Job Status as "internal&external"</span>
							<div class='pre'>skipped</div>
					</li>
					<li test-id='73' class='node and skip' status='skip'><b>And</b>
						<span class="bdd-step-name">And choose candidates from other countries</span>
							<div class='pre'>skipped</div>
					</li>
					<li test-id='74' class='node and skip' status='skip'><b>And</b>
						<span class="bdd-step-name">And enable rank and file job</span>
							<div class='pre'>skipped</div>
					</li>
					<li test-id='75' class='node and skip' status='skip'><b>And</b>
						<span class="bdd-step-name">And Select Country Location "India"</span>
							<div class='pre'>skipped</div>
					</li>
					<li test-id='76' class='node and skip' status='skip'><b>And</b>
						<span class="bdd-step-name">And Select City location "Hyderabad"</span>
							<div class='pre'>skipped</div>
					</li>
					<li test-id='77' class='node and skip' status='skip'><b>And</b>
						<span class="bdd-step-name">And add skills "java" and "sql"</span>
							<div class='pre'>skipped</div>
					</li>
					<li test-id='78' class='node and skip' status='skip'><b>And</b>
						<span class="bdd-step-name">And add Qualification "Bachelor's degree"</span>
							<div class='pre'>skipped</div>
					</li>
					<li test-id='79' class='node and skip' status='skip'><b>And</b>
						<span class="bdd-step-name">And add job type in emp details as "Permanent"</span>
							<div class='pre'>skipped</div>
					</li>
					<li test-id='80' class='node and skip' status='skip'><b>And</b>
						<span class="bdd-step-name">And select minimum experience as "2"</span>
							<div class='pre'>skipped</div>
					</li>
					<li test-id='81' class='node and skip' status='skip'><b>And</b>
						<span class="bdd-step-name">And select maximum experience as "10"</span>
							<div class='pre'>skipped</div>
					</li>
					<li test-id='82' class='node and skip' status='skip'><b>And</b>
						<span class="bdd-step-name">And choose Employment type as "full-time"</span>
							<div class='pre'>skipped</div>
					</li>
					<li test-id='83' class='node and skip' status='skip'><b>And</b>
						<span class="bdd-step-name">And choose no of vacancies "15"</span>
							<div class='pre'>skipped</div>
					</li>
					<li test-id='84' class='node and skip' status='skip'><b>And</b>
						<span class="bdd-step-name">And choose close date of job "12/02/2022"</span>
							<div class='pre'>skipped</div>
					</li>
					<li test-id='85' class='node and skip' status='skip'><b>And</b>
						<span class="bdd-step-name">And add Job Description "candidate should be expert in java"</span>
							<div class='pre'>skipped</div>
					</li>
					<li test-id='86' class='node and skip' status='skip'><b>And</b>
						<span class="bdd-step-name">And add Job Requirements "3 years experience"</span>
							<div class='pre'>skipped</div>
					</li>
					<li test-id='87' class='node and skip' status='skip'><b>And</b>
						<span class="bdd-step-name">And choose primary recruiter "anand paul"</span>
							<div class='pre'>skipped</div>
					</li>
					<li test-id='88' class='node when skip' status='skip'><b>When</b>
						<span class="bdd-step-name">When clicks on skills and education section</span>
							<div class='pre'>skipped</div>
					</li>
					<li test-id='89' class='node when skip' status='skip'><b>When</b>
						<span class="bdd-step-name">When recruiter add industry field "computer software"</span>
							<div class='pre'>skipped</div>
					</li>
					<li test-id='90' class='node and skip' status='skip'><b>And</b>
						<span class="bdd-step-name">And add keywords for AI to vote CV "java"</span>
							<div class='pre'>skipped</div>
					</li>
					<li test-id='91' class='node and skip' status='skip'><b>And</b>
						<span class="bdd-step-name">And recruiter add Education "BSc Computers"</span>
							<div class='pre'>skipped</div>
					</li>
					<li test-id='92' class='node when skip' status='skip'><b>When</b>
						<span class="bdd-step-name">When recruiter clicks on Additional Information</span>
							<div class='pre'>skipped</div>
					</li>
					<li test-id='93' class='node when skip' status='skip'><b>When</b>
						<span class="bdd-step-name">When recruiter add Work Location "Hyderabad"</span>
							<div class='pre'>skipped</div>
					</li>
					<li test-id='94' class='node and skip' status='skip'><b>And</b>
						<span class="bdd-step-name">And recruiter add working Hours "8 hrs"</span>
							<div class='pre'>skipped</div>
					</li>
					<li test-id='95' class='node and skip' status='skip'><b>And</b>
						<span class="bdd-step-name">And enter minimal Annual Salary "400000"</span>
							<div class='pre'>skipped</div>
					</li>
					<li test-id='96' class='node and skip' status='skip'><b>And</b>
						<span class="bdd-step-name">And enter maximum Annual Salary "1000000"</span>
							<div class='pre'>skipped</div>
					</li>
				</ul>
		</li>
	</ul>
</div>
<div class='scenario node' test-id='97' status='fail'>
	<div class='category-list'>
		<span class='category label white-text'>@PrescreeningQuestions</span>
	</div>
	<span class='duration right label'>0h 0m 2s+54ms</span>
	<div class='desc'>
		<b>Scenario</b>
		<span class="desc-text">verify recruiter able to choose pre screening questions</span>
	</div>
	<ul class='steps'>
		<li test-id='98' class='node given fail' status='fail'>
			
			<b>Given</b>
			
			<span class="bdd-step-name">Given recruiter clicks on pre screening questionaire</span>
				<div class='pre'><pre>org.openqa.selenium.NoSuchWindowException: no such window: target window already closed
from unknown error: web view not found
  (Session info: chrome=106.0.5249.119)
Build info: version: '3.141.59', revision: 'e82be7d358', time: '2018-11-14T08:17:03'
System info: host: 'PAUL', ip: '192.168.1.5', os.name: 'Windows 10', os.arch: 'amd64', os.version: '10.0', java.version: '1.8.0_121'
Driver info: org.openqa.selenium.chrome.ChromeDriver
Capabilities {acceptInsecureCerts: false, browserName: chrome, browserVersion: 106.0.5249.119, chrome: {chromedriverVersion: 106.0.5249.61 (511755355844..., userDataDir: C:\Users\paul\AppData\Local...}, goog:chromeOptions: {debuggerAddress: localhost:51017}, javascriptEnabled: true, networkConnectionEnabled: false, pageLoadStrategy: normal, platform: WINDOWS, platformName: WINDOWS, proxy: Proxy(), setWindowRect: true, strictFileInteractability: false, timeouts: {implicit: 0, pageLoad: 300000, script: 30000}, unhandledPromptBehavior: dismiss and notify, webauthn:extension:credBlob: true, webauthn:extension:largeBlob: true, webauthn:virtualAuthenticators: true}
Session ID: 0501d1a3942824562905e04f7ddb1dbb
*** Element info: {Using=xpath, value=(//li[@class='sui-single-option-facet__item inactive'])[3]}
	at sun.reflect.NativeConstructorAccessorImpl.newInstance0(Native Method)
	at sun.reflect.NativeConstructorAccessorImpl.newInstance(NativeConstructorAccessorImpl.java:62)
	at sun.reflect.DelegatingConstructorAccessorImpl.newInstance(DelegatingConstructorAccessorImpl.java:45)
	at java.lang.reflect.Constructor.newInstance(Constructor.java:423)
	at org.openqa.selenium.remote.http.W3CHttpResponseCodec.createException(W3CHttpResponseCodec.java:187)
	at org.openqa.selenium.remote.http.W3CHttpResponseCodec.decode(W3CHttpResponseCodec.java:122)
	at org.openqa.selenium.remote.http.W3CHttpResponseCodec.decode(W3CHttpResponseCodec.java:49)
	at org.openqa.selenium.remote.HttpCommandExecutor.execute(HttpCommandExecutor.java:158)
	at org.openqa.selenium.remote.service.DriverCommandExecutor.execute(DriverCommandExecutor.java:83)
	at org.openqa.selenium.remote.RemoteWebDriver.execute(RemoteWebDriver.java:552)
	at org.openqa.selenium.remote.RemoteWebDriver.findElement(RemoteWebDriver.java:323)
	at org.openqa.selenium.remote.RemoteWebDriver.findElementByXPath(RemoteWebDriver.java:428)
	at org.openqa.selenium.By$ByXPath.findElement(By.java:353)
	at org.openqa.selenium.remote.RemoteWebDriver.findElement(RemoteWebDriver.java:315)
	at stepdef.Stepdef.recruiter_clicks_on_pre_screening_questionaire(Stepdef.java:319)
	at ✽.Given recruiter clicks on pre screening questionaire(createnewjob.feature:63)
</pre></div>
			
		</li>
		<li test-id='99' class='node when skip' status='skip'>
			
			<b>When</b>
			
			<span class="bdd-step-name">When recruiter clicks on select questions button</span>
				<div class='pre'>skipped</div>
			
		</li>
		<li test-id='100' class='node when skip' status='skip'>
			
			<b>When</b>
			
			<span class="bdd-step-name">When recruiter clicks on Add Question button</span>
				<div class='pre'>skipped</div>
			
		</li>
		<li test-id='101' class='node and skip' status='skip'>
			
			<b>And</b>
			
			<span class="bdd-step-name">And recruiter adds essay text type question</span>
				<div class='pre'>skipped</div>
			
		</li>
		<li test-id='102' class='node and skip' status='skip'>
			
			<b>And</b>
			
			<span class="bdd-step-name">And recruiter adds numeric type question</span>
				<div class='pre'>skipped</div>
			
		</li>
		<li test-id='103' class='node and skip' status='skip'>
			
			<b>And</b>
			
			<span class="bdd-step-name">And recruiter adds yes or no question</span>
				<div class='pre'>skipped</div>
			
		</li>
		<li test-id='104' class='node and skip' status='skip'>
			
			<b>And</b>
			
			<span class="bdd-step-name">And Select questions from displayed List</span>
				<div class='pre'>skipped</div>
			
		</li>
		<li test-id='105' class='node then skip' status='skip'>
			
			<b>Then</b>
			
			<span class="bdd-step-name">Then click on Add Selected option</span>
				<div class='pre'>skipped</div>
			
		</li>
	</ul>
</div>
<div class='scenario node' test-id='106' status='fail'>
	<div class='category-list'>
		<span class='category label white-text'>@Attachments</span>
	</div>
	<span class='duration right label'>0h 0m 2s+57ms</span>
	<div class='desc'>
		<b>Scenario</b>
		<span class="desc-text">Verify Attachments functionality</span>
	</div>
	<ul class='steps'>
		<li test-id='107' class='node given fail' status='fail'>
			
			<b>Given</b>
			
			<span class="bdd-step-name">Given recruiter Clicks on Attachments section</span>
				<div class='pre'><pre>org.openqa.selenium.NoSuchWindowException: no such window: target window already closed
from unknown error: web view not found
  (Session info: chrome=106.0.5249.119)
Build info: version: '3.141.59', revision: 'e82be7d358', time: '2018-11-14T08:17:03'
System info: host: 'PAUL', ip: '192.168.1.5', os.name: 'Windows 10', os.arch: 'amd64', os.version: '10.0', java.version: '1.8.0_121'
Driver info: org.openqa.selenium.chrome.ChromeDriver
Capabilities {acceptInsecureCerts: false, browserName: chrome, browserVersion: 106.0.5249.119, chrome: {chromedriverVersion: 106.0.5249.61 (511755355844..., userDataDir: C:\Users\paul\AppData\Local...}, goog:chromeOptions: {debuggerAddress: localhost:51017}, javascriptEnabled: true, networkConnectionEnabled: false, pageLoadStrategy: normal, platform: WINDOWS, platformName: WINDOWS, proxy: Proxy(), setWindowRect: true, strictFileInteractability: false, timeouts: {implicit: 0, pageLoad: 300000, script: 30000}, unhandledPromptBehavior: dismiss and notify, webauthn:extension:credBlob: true, webauthn:extension:largeBlob: true, webauthn:virtualAuthenticators: true}
Session ID: 0501d1a3942824562905e04f7ddb1dbb
*** Element info: {Using=xpath, value=(//button[@type='button'])[73]}
	at sun.reflect.NativeConstructorAccessorImpl.newInstance0(Native Method)
	at sun.reflect.NativeConstructorAccessorImpl.newInstance(NativeConstructorAccessorImpl.java:62)
	at sun.reflect.DelegatingConstructorAccessorImpl.newInstance(DelegatingConstructorAccessorImpl.java:45)
	at java.lang.reflect.Constructor.newInstance(Constructor.java:423)
	at org.openqa.selenium.remote.http.W3CHttpResponseCodec.createException(W3CHttpResponseCodec.java:187)
	at org.openqa.selenium.remote.http.W3CHttpResponseCodec.decode(W3CHttpResponseCodec.java:122)
	at org.openqa.selenium.remote.http.W3CHttpResponseCodec.decode(W3CHttpResponseCodec.java:49)
	at org.openqa.selenium.remote.HttpCommandExecutor.execute(HttpCommandExecutor.java:158)
	at org.openqa.selenium.remote.service.DriverCommandExecutor.execute(DriverCommandExecutor.java:83)
	at org.openqa.selenium.remote.RemoteWebDriver.execute(RemoteWebDriver.java:552)
	at org.openqa.selenium.remote.RemoteWebDriver.findElement(RemoteWebDriver.java:323)
	at org.openqa.selenium.remote.RemoteWebDriver.findElementByXPath(RemoteWebDriver.java:428)
	at org.openqa.selenium.By$ByXPath.findElement(By.java:353)
	at org.openqa.selenium.remote.RemoteWebDriver.findElement(RemoteWebDriver.java:315)
	at stepdef.Stepdef.recruiter_Clicks_on_Attachments_section(Stepdef.java:505)
	at ✽.Given recruiter Clicks on Attachments section(createnewjob.feature:78)
</pre></div>
			
		</li>
		<li test-id='108' class='node when skip' status='skip'>
			
			<b>When</b>
			
			<span class="bdd-step-name">When recruiter uploads Attachment file</span>
				<div class='pre'>skipped</div>
			
		</li>
		<li test-id='109' class='node then skip' status='skip'>
			
			<b>Then</b>
			
			<span class="bdd-step-name">Then click on submit after uploading file</span>
				<div class='pre'>skipped</div>
			
		</li>
	</ul>
</div>
					</div>
				</li>
				
				
				<li class='test displayed active has-leaf fail' status='fail' bdd='true' test-id='110'>
					<div class='test-heading'>
						<span class='test-name'>Candidate Job Application form</span>
						<span class='test-time'>Oct 21, 2022 10:17:33 PM</span>
						<span class='test-status right fail'>fail</span>
					</div>
					<div class='test-content hide'>
<div class='scenario node' test-id='111' status='fail'>
	<div class='category-list'>
		<span class='category label white-text'>@Guestapplyjob</span>
	</div>
	<span class='duration right label'>0h 0m 2s+972ms</span>
	<div class='desc'>
		<b>Scenario</b>
		<span class="desc-text">Verify Candidate apply for job as a guest</span>
	</div>
	<ul class='steps'>
		<li test-id='112' class='node given pass' status='pass'>
			
			<b>Given</b>
			
			<span class="bdd-step-name">Given Candidate clicks on job link</span>
				<div class='pre'>passed</div>
			
		</li>
		<li test-id='113' class='node when fail' status='fail'>
			
			<b>When</b>
			
			<span class="bdd-step-name">When Candidate clicks on apply button of Job</span>
				<div class='pre'><pre>org.openqa.selenium.NoSuchWindowException: no such window: target window already closed
from unknown error: web view not found
  (Session info: chrome=106.0.5249.119)
Build info: version: '3.141.59', revision: 'e82be7d358', time: '2018-11-14T08:17:03'
System info: host: 'PAUL', ip: '192.168.1.5', os.name: 'Windows 10', os.arch: 'amd64', os.version: '10.0', java.version: '1.8.0_121'
Driver info: org.openqa.selenium.chrome.ChromeDriver
Capabilities {acceptInsecureCerts: false, browserName: chrome, browserVersion: 106.0.5249.119, chrome: {chromedriverVersion: 106.0.5249.61 (511755355844..., userDataDir: C:\Users\paul\AppData\Local...}, goog:chromeOptions: {debuggerAddress: localhost:51049}, javascriptEnabled: true, networkConnectionEnabled: false, pageLoadStrategy: normal, platform: WINDOWS, platformName: WINDOWS, proxy: Proxy(), setWindowRect: true, strictFileInteractability: false, timeouts: {implicit: 0, pageLoad: 300000, script: 30000}, unhandledPromptBehavior: dismiss and notify, webauthn:extension:credBlob: true, webauthn:extension:largeBlob: true, webauthn:virtualAuthenticators: true}
Session ID: 7cded4565323ae21503b506cd22442f9
*** Element info: {Using=xpath, value=//a[@id='hs-eu-confirmation-button']}
	at sun.reflect.NativeConstructorAccessorImpl.newInstance0(Native Method)
	at sun.reflect.NativeConstructorAccessorImpl.newInstance(NativeConstructorAccessorImpl.java:62)
	at sun.reflect.DelegatingConstructorAccessorImpl.newInstance(DelegatingConstructorAccessorImpl.java:45)
	at java.lang.reflect.Constructor.newInstance(Constructor.java:423)
	at org.openqa.selenium.remote.http.W3CHttpResponseCodec.createException(W3CHttpResponseCodec.java:187)
	at org.openqa.selenium.remote.http.W3CHttpResponseCodec.decode(W3CHttpResponseCodec.java:122)
	at org.openqa.selenium.remote.http.W3CHttpResponseCodec.decode(W3CHttpResponseCodec.java:49)
	at org.openqa.selenium.remote.HttpCommandExecutor.execute(HttpCommandExecutor.java:158)
	at org.openqa.selenium.remote.service.DriverCommandExecutor.execute(DriverCommandExecutor.java:83)
	at org.openqa.selenium.remote.RemoteWebDriver.execute(RemoteWebDriver.java:552)
	at org.openqa.selenium.remote.RemoteWebDriver.findElement(RemoteWebDriver.java:323)
	at org.openqa.selenium.remote.RemoteWebDriver.findElementByXPath(RemoteWebDriver.java:428)
	at org.openqa.selenium.By$ByXPath.findElement(By.java:353)
	at org.openqa.selenium.remote.RemoteWebDriver.findElement(RemoteWebDriver.java:315)
	at stepdef.Stepdef.candidate_clicks_on_apply_button_of_Job(Stepdef.java:549)
	at ✽.When Candidate clicks on apply button of Job(guestapply.feature:7)
</pre></div>
			
		</li>
		<li test-id='114' class='node and skip' status='skip'>
			
			<b>And</b>
			
			<span class="bdd-step-name">And candidate choose to apply as guest</span>
				<div class='pre'>skipped</div>
			
		</li>
	</ul>
</div>
<div class='scenariooutline node' test-id='115' status='fail'>
	<span class='duration right label'>0h 0m 0s+57ms</span>
	<div class='desc'>
		<b>ScenarioOutline</b>
		<span class="desc-text">Verify guest candidate able to fill job Application</span>
	</div>
	<ul class='steps'>
		<li test-id='116' class='node scenario fail' status='fail'>
			<div class='category-list'>
				<span class='category label white-text'>@tag</span>
				<span class='category label white-text'>@Application</span>
			</div>
			
			<b>Scenario</b>
			
			<span class="bdd-step-name">Verify guest candidate able to fill job Application</span>
			
				<ul class='steps'>
					<li test-id='117' class='node and fail' status='fail'><b>And</b>
						<span class="bdd-step-name">And Candidate enters first name "first001"</span>
							<div class='pre'><pre>org.openqa.selenium.NoSuchWindowException: no such window: target window already closed
from unknown error: web view not found
  (Session info: chrome=106.0.5249.119)
Build info: version: '3.141.59', revision: 'e82be7d358', time: '2018-11-14T08:17:03'
System info: host: 'PAUL', ip: '192.168.1.5', os.name: 'Windows 10', os.arch: 'amd64', os.version: '10.0', java.version: '1.8.0_121'
Driver info: org.openqa.selenium.chrome.ChromeDriver
Capabilities {acceptInsecureCerts: false, browserName: chrome, browserVersion: 106.0.5249.119, chrome: {chromedriverVersion: 106.0.5249.61 (511755355844..., userDataDir: C:\Users\paul\AppData\Local...}, goog:chromeOptions: {debuggerAddress: localhost:51049}, javascriptEnabled: true, networkConnectionEnabled: false, pageLoadStrategy: normal, platform: WINDOWS, platformName: WINDOWS, proxy: Proxy(), setWindowRect: true, strictFileInteractability: false, timeouts: {implicit: 0, pageLoad: 300000, script: 30000}, unhandledPromptBehavior: dismiss and notify, webauthn:extension:credBlob: true, webauthn:extension:largeBlob: true, webauthn:virtualAuthenticators: true}
Session ID: 7cded4565323ae21503b506cd22442f9
*** Element info: {Using=xpath, value=//input[@id='candidateFirstName']}
	at sun.reflect.NativeConstructorAccessorImpl.newInstance0(Native Method)
	at sun.reflect.NativeConstructorAccessorImpl.newInstance(NativeConstructorAccessorImpl.java:62)
	at sun.reflect.DelegatingConstructorAccessorImpl.newInstance(DelegatingConstructorAccessorImpl.java:45)
	at java.lang.reflect.Constructor.newInstance(Constructor.java:423)
	at org.openqa.selenium.remote.http.W3CHttpResponseCodec.createException(W3CHttpResponseCodec.java:187)
	at org.openqa.selenium.remote.http.W3CHttpResponseCodec.decode(W3CHttpResponseCodec.java:122)
	at org.openqa.selenium.remote.http.W3CHttpResponseCodec.decode(W3CHttpResponseCodec.java:49)
	at org.openqa.selenium.remote.HttpCommandExecutor.execute(HttpCommandExecutor.java:158)
	at org.openqa.selenium.remote.service.DriverCommandExecutor.execute(DriverCommandExecutor.java:83)
	at org.openqa.selenium.remote.RemoteWebDriver.execute(RemoteWebDriver.java:552)
	at org.openqa.selenium.remote.RemoteWebDriver.findElement(RemoteWebDriver.java:323)
	at org.openqa.selenium.remote.RemoteWebDriver.findElementByXPath(RemoteWebDriver.java:428)
	at org.openqa.selenium.By$ByXPath.findElement(By.java:353)
	at org.openqa.selenium.remote.RemoteWebDriver.findElement(RemoteWebDriver.java:315)
	at stepdef.Stepdef.candidate_enters_first_name(Stepdef.java:629)
	at ✽.And Candidate enters first name "first001"(guestapply.feature:12)
</pre></div>
					</li>
					<li test-id='118' class='node and skip' status='skip'><b>And</b>
						<span class="bdd-step-name">And Candidate enters last name "last001"</span>
							<div class='pre'>skipped</div>
					</li>
					<li test-id='119' class='node and skip' status='skip'><b>And</b>
						<span class="bdd-step-name">And Candidate  chooses Country "india"</span>
							<div class='pre'>skipped</div>
					</li>
					<li test-id='120' class='node and skip' status='skip'><b>And</b>
						<span class="bdd-step-name">And Candidate enters phone no "9100100100"</span>
							<div class='pre'>skipped</div>
					</li>
					<li test-id='121' class='node and skip' status='skip'><b>And</b>
						<span class="bdd-step-name">And Candidate enters Email Address "first001@in.com"</span>
							<div class='pre'>skipped</div>
					</li>
					<li test-id='122' class='node and skip' status='skip'><b>And</b>
						<span class="bdd-step-name">And Candidate uploads his resume</span>
							<div class='pre'>skipped</div>
					</li>
				</ul>
		</li>
	</ul>
</div>
					</div>
				</li>
				
				
				<li class='test displayed active has-leaf fail' status='fail' bdd='true' test-id='123'>
					<div class='test-heading'>
						<span class='test-name'>Login and Logout feature</span>
						<span class='test-time'>Oct 21, 2022 10:17:36 PM</span>
						<span class='test-status right fail'>fail</span>
					</div>
					<div class='test-content hide'>
<div class='scenario node' test-id='124' status='fail'>
	<div class='category-list'>
		<span class='category label white-text'>@tag1</span>
	</div>
	<span class='duration right label'>0h 0m 3s+161ms</span>
	<div class='desc'>
		<b>Scenario</b>
		<span class="desc-text">verify login and logout functionality</span>
	</div>
	<ul class='steps'>
		<li test-id='125' class='node given pass' status='pass'>
			
			<b>Given</b>
			
			<span class="bdd-step-name">Given Launch Application using valid URL</span>
				<div class='pre'>passed</div>
			
		</li>
		<li test-id='126' class='node then fail' status='fail'>
			
			<b>Then</b>
			
			<span class="bdd-step-name">Then accept cookies and choose login type</span>
				<div class='pre'><pre>org.openqa.selenium.NoSuchWindowException: no such window: target window already closed
from unknown error: web view not found
  (Session info: chrome=106.0.5249.119)
Build info: version: '3.141.59', revision: 'e82be7d358', time: '2018-11-14T08:17:03'
System info: host: 'PAUL', ip: '192.168.1.5', os.name: 'Windows 10', os.arch: 'amd64', os.version: '10.0', java.version: '1.8.0_121'
Driver info: org.openqa.selenium.chrome.ChromeDriver
Capabilities {acceptInsecureCerts: false, browserName: chrome, browserVersion: 106.0.5249.119, chrome: {chromedriverVersion: 106.0.5249.61 (511755355844..., userDataDir: C:\Users\paul\AppData\Local...}, goog:chromeOptions: {debuggerAddress: localhost:51072}, javascriptEnabled: true, networkConnectionEnabled: false, pageLoadStrategy: normal, platform: WINDOWS, platformName: WINDOWS, proxy: Proxy(), setWindowRect: true, strictFileInteractability: false, timeouts: {implicit: 0, pageLoad: 300000, script: 30000}, unhandledPromptBehavior: dismiss and notify, webauthn:extension:credBlob: true, webauthn:extension:largeBlob: true, webauthn:virtualAuthenticators: true}
Session ID: 1b8ff08ffc45ce78b99351464fb27b4a
*** Element info: {Using=id, value=hs-eu-confirmation-button}
	at sun.reflect.NativeConstructorAccessorImpl.newInstance0(Native Method)
	at sun.reflect.NativeConstructorAccessorImpl.newInstance(NativeConstructorAccessorImpl.java:62)
	at sun.reflect.DelegatingConstructorAccessorImpl.newInstance(DelegatingConstructorAccessorImpl.java:45)
	at java.lang.reflect.Constructor.newInstance(Constructor.java:423)
	at org.openqa.selenium.remote.http.W3CHttpResponseCodec.createException(W3CHttpResponseCodec.java:187)
	at org.openqa.selenium.remote.http.W3CHttpResponseCodec.decode(W3CHttpResponseCodec.java:122)
	at org.openqa.selenium.remote.http.W3CHttpResponseCodec.decode(W3CHttpResponseCodec.java:49)
	at org.openqa.selenium.remote.HttpCommandExecutor.execute(HttpCommandExecutor.java:158)
	at org.openqa.selenium.remote.service.DriverCommandExecutor.execute(DriverCommandExecutor.java:83)
	at org.openqa.selenium.remote.RemoteWebDriver.execute(RemoteWebDriver.java:552)
	at org.openqa.selenium.remote.RemoteWebDriver.findElement(RemoteWebDriver.java:323)
	at org.openqa.selenium.remote.RemoteWebDriver.findElementById(RemoteWebDriver.java:372)
	at org.openqa.selenium.By$ById.findElement(By.java:188)
	at org.openqa.selenium.remote.RemoteWebDriver.findElement(RemoteWebDriver.java:315)
	at stepdef.Stepdef.accept_cookies_and_choose_login_type(Stepdef.java:41)
	at ✽.Then accept cookies and choose login type(loginlogout.feature:8)
</pre></div>
			
		</li>
		<li test-id='127' class='node when skip' status='skip'>
			
			<b>When</b>
			
			<span class="bdd-step-name">When enters valid credentials "paul@trainingqa.com" and "XPAStag0"</span>
				<div class='pre'>skipped</div>
			
		</li>
		<li test-id='128' class='node then skip' status='skip'>
			
			<b>Then</b>
			
			<span class="bdd-step-name">Then verify captcha and click on Login button</span>
				<div class='pre'>skipped</div>
			
		</li>
	</ul>
</div>
<div class='scenario node' test-id='129' status='fail'>
	<div class='category-list'>
		<span class='category label white-text'>@Logout</span>
	</div>
	<span class='duration right label'>0h 0m 4s+34ms</span>
	<div class='desc'>
		<b>Scenario</b>
		<span class="desc-text">Verify Recruiter Ai Logout Functionality</span>
	</div>
	<ul class='steps'>
		<li test-id='130' class='node given fail' status='fail'>
			
			<b>Given</b>
			
			<span class="bdd-step-name">Given Click on Logout Button</span>
				<div class='pre'><pre>org.openqa.selenium.NoSuchWindowException: no such window: target window already closed
from unknown error: web view not found
  (Session info: chrome=106.0.5249.119)
Build info: version: '3.141.59', revision: 'e82be7d358', time: '2018-11-14T08:17:03'
System info: host: 'PAUL', ip: '192.168.1.5', os.name: 'Windows 10', os.arch: 'amd64', os.version: '10.0', java.version: '1.8.0_121'
Driver info: org.openqa.selenium.chrome.ChromeDriver
Capabilities {acceptInsecureCerts: false, browserName: chrome, browserVersion: 106.0.5249.119, chrome: {chromedriverVersion: 106.0.5249.61 (511755355844..., userDataDir: C:\Users\paul\AppData\Local...}, goog:chromeOptions: {debuggerAddress: localhost:51072}, javascriptEnabled: true, networkConnectionEnabled: false, pageLoadStrategy: normal, platform: WINDOWS, platformName: WINDOWS, proxy: Proxy(), setWindowRect: true, strictFileInteractability: false, timeouts: {implicit: 0, pageLoad: 300000, script: 30000}, unhandledPromptBehavior: dismiss and notify, webauthn:extension:credBlob: true, webauthn:extension:largeBlob: true, webauthn:virtualAuthenticators: true}
Session ID: 1b8ff08ffc45ce78b99351464fb27b4a
*** Element info: {Using=xpath, value=//button[@aria-label='Logout']}
	at sun.reflect.NativeConstructorAccessorImpl.newInstance0(Native Method)
	at sun.reflect.NativeConstructorAccessorImpl.newInstance(NativeConstructorAccessorImpl.java:62)
	at sun.reflect.DelegatingConstructorAccessorImpl.newInstance(DelegatingConstructorAccessorImpl.java:45)
	at java.lang.reflect.Constructor.newInstance(Constructor.java:423)
	at org.openqa.selenium.remote.http.W3CHttpResponseCodec.createException(W3CHttpResponseCodec.java:187)
	at org.openqa.selenium.remote.http.W3CHttpResponseCodec.decode(W3CHttpResponseCodec.java:122)
	at org.openqa.selenium.remote.http.W3CHttpResponseCodec.decode(W3CHttpResponseCodec.java:49)
	at org.openqa.selenium.remote.HttpCommandExecutor.execute(HttpCommandExecutor.java:158)
	at org.openqa.selenium.remote.service.DriverCommandExecutor.execute(DriverCommandExecutor.java:83)
	at org.openqa.selenium.remote.RemoteWebDriver.execute(RemoteWebDriver.java:552)
	at org.openqa.selenium.remote.RemoteWebDriver.findElement(RemoteWebDriver.java:323)
	at org.openqa.selenium.remote.RemoteWebDriver.findElementByXPath(RemoteWebDriver.java:428)
	at org.openqa.selenium.By$ByXPath.findElement(By.java:353)
	at org.openqa.selenium.remote.RemoteWebDriver.findElement(RemoteWebDriver.java:315)
	at stepdef.Stepdef.click_on_Logout_Button(Stepdef.java:60)
	at ✽.Given Click on Logout Button(loginlogout.feature:14)
</pre></div>
			
		</li>
	</ul>
</div>
					</div>
				</li>
				
				
				<li class='test displayed active has-leaf fail' status='fail' bdd='true' test-id='131'>
					<div class='test-heading'>
						<span class='test-name'>candidate sign in and apply for job</span>
						<span class='test-time'>Oct 21, 2022 10:17:43 PM</span>
						<span class='test-status right fail'>fail</span>
					</div>
					<div class='test-content hide'>
<div class='scenario node' test-id='132' status='fail'>
	<div class='category-list'>
		<span class='category label white-text'>@Signinapplyjob</span>
	</div>
	<span class='duration right label'>0h 0m 5s+664ms</span>
	<div class='desc'>
		<b>Scenario</b>
		<span class="desc-text">Verify signed in Candidates apply for job</span>
	</div>
	<ul class='steps'>
		<li test-id='133' class='node given pass' status='pass'>
			
			<b>Given</b>
			
			<span class="bdd-step-name">Given Candidate clicks on job link</span>
				<div class='pre'>passed</div>
			
		</li>
		<li test-id='134' class='node when fail' status='fail'>
			
			<b>When</b>
			
			<span class="bdd-step-name">When Candidate clicks on apply button of Job</span>
				<div class='pre'><pre>org.openqa.selenium.NoSuchWindowException: no such window: target window already closed
from unknown error: web view not found
  (Session info: chrome=106.0.5249.119)
Build info: version: '3.141.59', revision: 'e82be7d358', time: '2018-11-14T08:17:03'
System info: host: 'PAUL', ip: '192.168.1.5', os.name: 'Windows 10', os.arch: 'amd64', os.version: '10.0', java.version: '1.8.0_121'
Driver info: org.openqa.selenium.chrome.ChromeDriver
Capabilities {acceptInsecureCerts: false, browserName: chrome, browserVersion: 106.0.5249.119, chrome: {chromedriverVersion: 106.0.5249.61 (511755355844..., userDataDir: C:\Users\paul\AppData\Local...}, goog:chromeOptions: {debuggerAddress: localhost:51098}, javascriptEnabled: true, networkConnectionEnabled: false, pageLoadStrategy: normal, platform: WINDOWS, platformName: WINDOWS, proxy: Proxy(), setWindowRect: true, strictFileInteractability: false, timeouts: {implicit: 0, pageLoad: 300000, script: 30000}, unhandledPromptBehavior: dismiss and notify, webauthn:extension:credBlob: true, webauthn:extension:largeBlob: true, webauthn:virtualAuthenticators: true}
Session ID: 5cfac20e47fae22d685c2de74f856bba
*** Element info: {Using=xpath, value=//a[@id='hs-eu-confirmation-button']}
	at sun.reflect.NativeConstructorAccessorImpl.newInstance0(Native Method)
	at sun.reflect.NativeConstructorAccessorImpl.newInstance(NativeConstructorAccessorImpl.java:62)
	at sun.reflect.DelegatingConstructorAccessorImpl.newInstance(DelegatingConstructorAccessorImpl.java:45)
	at java.lang.reflect.Constructor.newInstance(Constructor.java:423)
	at org.openqa.selenium.remote.http.W3CHttpResponseCodec.createException(W3CHttpResponseCodec.java:187)
	at org.openqa.selenium.remote.http.W3CHttpResponseCodec.decode(W3CHttpResponseCodec.java:122)
	at org.openqa.selenium.remote.http.W3CHttpResponseCodec.decode(W3CHttpResponseCodec.java:49)
	at org.openqa.selenium.remote.HttpCommandExecutor.execute(HttpCommandExecutor.java:158)
	at org.openqa.selenium.remote.service.DriverCommandExecutor.execute(DriverCommandExecutor.java:83)
	at org.openqa.selenium.remote.RemoteWebDriver.execute(RemoteWebDriver.java:552)
	at org.openqa.selenium.remote.RemoteWebDriver.findElement(RemoteWebDriver.java:323)
	at org.openqa.selenium.remote.RemoteWebDriver.findElementByXPath(RemoteWebDriver.java:428)
	at org.openqa.selenium.By$ByXPath.findElement(By.java:353)
	at org.openqa.selenium.remote.RemoteWebDriver.findElement(RemoteWebDriver.java:315)
	at stepdef.Stepdef.candidate_clicks_on_apply_button_of_Job(Stepdef.java:549)
	at ✽.When Candidate clicks on apply button of Job(signinapply.feature:7)
</pre></div>
			
		</li>
		<li test-id='135' class='node and skip' status='skip'>
			
			<b>And</b>
			
			<span class="bdd-step-name">And candidate choose sign in option to apply</span>
				<div class='pre'>skipped</div>
			
		</li>
	</ul>
</div>
<div class='scenariooutline node' test-id='136' status='fail'>
	<span class='duration right label'>0h 0m 0s+59ms</span>
	<div class='desc'>
		<b>ScenarioOutline</b>
		<span class="desc-text">Verify Candidate registration</span>
	</div>
	<ul class='steps'>
		<li test-id='137' class='node scenario fail' status='fail'>
			<div class='category-list'>
				<span class='category label white-text'>@tag</span>
				<span class='category label white-text'>@Registration</span>
			</div>
			
			<b>Scenario</b>
			
			<span class="bdd-step-name">Verify Candidate registration</span>
			
				<ul class='steps'>
					<li test-id='138' class='node given fail' status='fail'><b>Given</b>
						<span class="bdd-step-name">Given candidate click on register Link</span>
							<div class='pre'><pre>org.openqa.selenium.NoSuchWindowException: no such window: target window already closed
from unknown error: web view not found
  (Session info: chrome=106.0.5249.119)
Build info: version: '3.141.59', revision: 'e82be7d358', time: '2018-11-14T08:17:03'
System info: host: 'PAUL', ip: '192.168.1.5', os.name: 'Windows 10', os.arch: 'amd64', os.version: '10.0', java.version: '1.8.0_121'
Driver info: org.openqa.selenium.chrome.ChromeDriver
Capabilities {acceptInsecureCerts: false, browserName: chrome, browserVersion: 106.0.5249.119, chrome: {chromedriverVersion: 106.0.5249.61 (511755355844..., userDataDir: C:\Users\paul\AppData\Local...}, goog:chromeOptions: {debuggerAddress: localhost:51098}, javascriptEnabled: true, networkConnectionEnabled: false, pageLoadStrategy: normal, platform: WINDOWS, platformName: WINDOWS, proxy: Proxy(), setWindowRect: true, strictFileInteractability: false, timeouts: {implicit: 0, pageLoad: 300000, script: 30000}, unhandledPromptBehavior: dismiss and notify, webauthn:extension:credBlob: true, webauthn:extension:largeBlob: true, webauthn:virtualAuthenticators: true}
Session ID: 5cfac20e47fae22d685c2de74f856bba
*** Element info: {Using=xpath, value=//a[text()='Register']}
	at sun.reflect.NativeConstructorAccessorImpl.newInstance0(Native Method)
	at sun.reflect.NativeConstructorAccessorImpl.newInstance(NativeConstructorAccessorImpl.java:62)
	at sun.reflect.DelegatingConstructorAccessorImpl.newInstance(DelegatingConstructorAccessorImpl.java:45)
	at java.lang.reflect.Constructor.newInstance(Constructor.java:423)
	at org.openqa.selenium.remote.http.W3CHttpResponseCodec.createException(W3CHttpResponseCodec.java:187)
	at org.openqa.selenium.remote.http.W3CHttpResponseCodec.decode(W3CHttpResponseCodec.java:122)
	at org.openqa.selenium.remote.http.W3CHttpResponseCodec.decode(W3CHttpResponseCodec.java:49)
	at org.openqa.selenium.remote.HttpCommandExecutor.execute(HttpCommandExecutor.java:158)
	at org.openqa.selenium.remote.service.DriverCommandExecutor.execute(DriverCommandExecutor.java:83)
	at org.openqa.selenium.remote.RemoteWebDriver.execute(RemoteWebDriver.java:552)
	at org.openqa.selenium.remote.RemoteWebDriver.findElement(RemoteWebDriver.java:323)
	at org.openqa.selenium.remote.RemoteWebDriver.findElementByXPath(RemoteWebDriver.java:428)
	at org.openqa.selenium.By$ByXPath.findElement(By.java:353)
	at org.openqa.selenium.remote.RemoteWebDriver.findElement(RemoteWebDriver.java:315)
	at stepdef.Stepdef.candidate_click_on_register_Link(Stepdef.java:561)
	at ✽.Given candidate click on register Link(signinapply.feature:12)
</pre></div>
					</li>
					<li test-id='139' class='node when skip' status='skip'><b>When</b>
						<span class="bdd-step-name">When candidate enter first name "Prakash"</span>
							<div class='pre'>skipped</div>
					</li>
					<li test-id='140' class='node and skip' status='skip'><b>And</b>
						<span class="bdd-step-name">And candidate enter last name "Paul"</span>
							<div class='pre'>skipped</div>
					</li>
					<li test-id='141' class='node and skip' status='skip'><b>And</b>
						<span class="bdd-step-name">And candidate enters email "prakashpaul12@xyz.com"</span>
							<div class='pre'>skipped</div>
					</li>
					<li test-id='142' class='node and skip' status='skip'><b>And</b>
						<span class="bdd-step-name">And candidate enters password "PRakaSh$012xFa"</span>
							<div class='pre'>skipped</div>
					</li>
					<li test-id='143' class='node and skip' status='skip'><b>And</b>
						<span class="bdd-step-name">And candidate enters conformpassword "PRakaSh$012xFa"</span>
							<div class='pre'>skipped</div>
					</li>
					<li test-id='144' class='node and skip' status='skip'><b>And</b>
						<span class="bdd-step-name">And candidate accepts terms and conditions</span>
							<div class='pre'>skipped</div>
					</li>
					<li test-id='145' class='node and skip' status='skip'><b>And</b>
						<span class="bdd-step-name">And candidate enters submit button of registration</span>
							<div class='pre'>skipped</div>
					</li>
					<li test-id='146' class='node then skip' status='skip'><b>Then</b>
						<span class="bdd-step-name">Then candidate clicks on click here to login</span>
							<div class='pre'>skipped</div>
					</li>
					<li test-id='147' class='node when skip' status='skip'><b>When</b>
						<span class="bdd-step-name">When candidate enters mail "prakashpaul12@xyz.com" to login</span>
							<div class='pre'>skipped</div>
					</li>
					<li test-id='148' class='node and skip' status='skip'><b>And</b>
						<span class="bdd-step-name">And candidate enters password "PRakaSh$012xFa" to login</span>
							<div class='pre'>skipped</div>
					</li>
					<li test-id='149' class='node and skip' status='skip'><b>And</b>
						<span class="bdd-step-name">And candidate clicks on login button</span>
							<div class='pre'>skipped</div>
					</li>
					<li test-id='150' class='node then skip' status='skip'><b>Then</b>
						<span class="bdd-step-name">Then Signed in Candidate click on Apply button of Job</span>
							<div class='pre'>skipped</div>
					</li>
					<li test-id='151' class='node when skip' status='skip'><b>When</b>
						<span class="bdd-step-name">When Candidate enters first name "Prakash"</span>
							<div class='pre'>skipped</div>
					</li>
					<li test-id='152' class='node and skip' status='skip'><b>And</b>
						<span class="bdd-step-name">And Candidate enters last name "Paul"</span>
							<div class='pre'>skipped</div>
					</li>
					<li test-id='153' class='node and skip' status='skip'><b>And</b>
						<span class="bdd-step-name">And Candidate  chooses Country "india"</span>
							<div class='pre'>skipped</div>
					</li>
					<li test-id='154' class='node and skip' status='skip'><b>And</b>
						<span class="bdd-step-name">And Candidate enters phone no "8000000011"</span>
							<div class='pre'>skipped</div>
					</li>
					<li test-id='155' class='node and skip' status='skip'><b>And</b>
						<span class="bdd-step-name">And Candidate enters Email Address "prakashpaul12@xyz.com"</span>
							<div class='pre'>skipped</div>
					</li>
					<li test-id='156' class='node and skip' status='skip'><b>And</b>
						<span class="bdd-step-name">And click on checkbox to recieve whatsapp notifications</span>
							<div class='pre'>skipped</div>
					</li>
					<li test-id='157' class='node and skip' status='skip'><b>And</b>
						<span class="bdd-step-name">And Candidate uploads his resume</span>
							<div class='pre'>skipped</div>
					</li>
				</ul>
		</li>
	</ul>
</div>
					</div>
				</li>
			</ul>
		</div>
	</div>
	<!-- subview left -->

	<div class='subview-right left'>
		<div class='view-summary'>
			<h5 class='test-name'></h5>

			<div id='step-filters' class="right">
				<span class="blue-text" status="info" alt="info" title="info"><i class="material-icons">info_outline</i></span>
				<span class="green-text" status="pass" alt="pass" title="pass"><i class="material-icons">check_circle</i></span>
				<span class="red-text" status="fail" alt="fail" title="fail"><i class="material-icons">cancel</i></span>
				<span class="red-text text-darken-4" status="fatal" alt="fatal" title="fatal"><i class="material-icons">cancel</i></span>
				<span class="pink-text text-lighten-1" status="error" alt="error" title="error"><i class="material-icons">error</i></span>
				<span class="orange-text" alt="warning" status="warning" title="warning"><i class="material-icons">warning</i></span>
				<span class="teal-text" status="skip" alt="skip" title="skip"><i class="material-icons">redo</i></span>
				<span status="clear" alt="Clear filters" title="Clear filters"><i class="material-icons">clear</i></span>
			</div>
		</div>
	</div>
	<!-- subview right -->

</div>
<!-- test view -->
<div id='category-view' class='view hide'>

	<section id='controls'>
		<div class='controls grey lighten-4'>
			<!-- search -->
			<div class='chip transparent' alt='Search Tests' title='Search Tests'>
				<a href="#" class='search-div'>
					<i class='material-icons'>search</i> Search
				</a>
				
				<div class='input-field left hide'>
					<input id='search-tests' type='text' class='validate browser-default' placeholder='Search Tests...'>
				</div>
				
			</div>
			<!-- search -->
		</div>
	</section>

	<div class='subview-left left'>
		
		<div class='view-summary'>
			<h5>Categories</h3>
			<ul id='category-collection' class='category-collection'>
				
				<li class='category displayed active'>
					<div class='category-heading'>
						<span class='category-name'>@tag</span>
						<span class='category-status right'>
							<span class='label fail'>12</span>
						</span>
					</div>
					<div class='category-content hide'>
						<div class='category-status-counts'>
							
							<span class='label red lighten-1 white-text'>Failed: 12</span>
							
						</div>
					
						<div class='category-tests'>
							<table class='bordered table-results'>
								<thead>
									<tr>
										<th>Timestamp</th>
										<th>TestName</th>
										<th>Status</th>
									</tr>
								</thead>
								<tbody>
									<tr>
										<td>Oct 21, 2022 10:17:05 PM</td>
										<td class='linked' test-id='1'>Candidate choose Sign in and Apply</td>
										<td><span class='test-status fail'>fail</span></td>
									</tr>
									<tr>
										<td>Oct 21, 2022 10:17:05 PM</td>
										<td class='linked' test-id='3'>Candidate choose Sign in and Apply.Verify Candidate registration.Verify Candidate registration</td>
										<td><span class='test-status fail'>fail</span></td>
									</tr>
									<tr>
										<td>Oct 21, 2022 10:17:10 PM</td>
										<td class='linked' test-id='15'>Candidate choose Sign in and Apply.Verify Candidate registration.Verify Candidate registration</td>
										<td><span class='test-status fail'>fail</span></td>
									</tr>
									<tr>
										<td>Oct 21, 2022 10:17:13 PM</td>
										<td class='linked' test-id='27'>Create new Job with Basic Information</td>
										<td><span class='test-status fail'>fail</span></td>
									</tr>
									<tr>
										<td>Oct 21, 2022 10:17:16 PM</td>
										<td class='linked' test-id='34'>Create new Job with Basic Information.Verify create new job functionality with basic information.Verify create new job functionality with basic information</td>
										<td><span class='test-status fail'>fail</span></td>
									</tr>
									<tr>
										<td>Oct 21, 2022 10:17:21 PM</td>
										<td class='linked' test-id='58'>Create New Job with all details</td>
										<td><span class='test-status fail'>fail</span></td>
									</tr>
									<tr>
										<td>Oct 21, 2022 10:17:24 PM</td>
										<td class='linked' test-id='65'>Create New Job with all details.Verify create new job functionality.Verify create new job functionality</td>
										<td><span class='test-status fail'>fail</span></td>
									</tr>
									<tr>
										<td>Oct 21, 2022 10:17:33 PM</td>
										<td class='linked' test-id='110'>Candidate Job Application form</td>
										<td><span class='test-status fail'>fail</span></td>
									</tr>
									<tr>
										<td>Oct 21, 2022 10:17:36 PM</td>
										<td class='linked' test-id='116'>Candidate Job Application form.Verify guest candidate able to fill job Application.Verify guest candidate able to fill job Application</td>
										<td><span class='test-status fail'>fail</span></td>
									</tr>
									<tr>
										<td>Oct 21, 2022 10:17:36 PM</td>
										<td class='linked' test-id='123'>Login and Logout feature</td>
										<td><span class='test-status fail'>fail</span></td>
									</tr>
									<tr>
										<td>Oct 21, 2022 10:17:43 PM</td>
										<td class='linked' test-id='131'>candidate sign in and apply for job</td>
										<td><span class='test-status fail'>fail</span></td>
									</tr>
									<tr>
										<td>Oct 21, 2022 10:17:49 PM</td>
										<td class='linked' test-id='137'>candidate sign in and apply for job.Verify Candidate registration.Verify Candidate registration</td>
										<td><span class='test-status fail'>fail</span></td>
									</tr>
								</tbody>
							</table>
						</div>
					</div>
				</li>
				<li class='category displayed active'>
					<div class='category-heading'>
						<span class='category-name'>@Registration</span>
						<span class='category-status right'>
							<span class='label fail'>3</span>
						</span>
					</div>
					<div class='category-content hide'>
						<div class='category-status-counts'>
							
							<span class='label red lighten-1 white-text'>Failed: 3</span>
							
						</div>
					
						<div class='category-tests'>
							<table class='bordered table-results'>
								<thead>
									<tr>
										<th>Timestamp</th>
										<th>TestName</th>
										<th>Status</th>
									</tr>
								</thead>
								<tbody>
									<tr>
										<td>Oct 21, 2022 10:17:05 PM</td>
										<td class='linked' test-id='3'>Candidate choose Sign in and Apply.Verify Candidate registration.Verify Candidate registration</td>
										<td><span class='test-status fail'>fail</span></td>
									</tr>
									<tr>
										<td>Oct 21, 2022 10:17:10 PM</td>
										<td class='linked' test-id='15'>Candidate choose Sign in and Apply.Verify Candidate registration.Verify Candidate registration</td>
										<td><span class='test-status fail'>fail</span></td>
									</tr>
									<tr>
										<td>Oct 21, 2022 10:17:49 PM</td>
										<td class='linked' test-id='137'>candidate sign in and apply for job.Verify Candidate registration.Verify Candidate registration</td>
										<td><span class='test-status fail'>fail</span></td>
									</tr>
								</tbody>
							</table>
						</div>
					</div>
				</li>
				<li class='category displayed active'>
					<div class='category-heading'>
						<span class='category-name'>@Login</span>
						<span class='category-status right'>
							<span class='label fail'>2</span>
						</span>
					</div>
					<div class='category-content hide'>
						<div class='category-status-counts'>
							
							<span class='label red lighten-1 white-text'>Failed: 2</span>
							
						</div>
					
						<div class='category-tests'>
							<table class='bordered table-results'>
								<thead>
									<tr>
										<th>Timestamp</th>
										<th>TestName</th>
										<th>Status</th>
									</tr>
								</thead>
								<tbody>
									<tr>
										<td>Oct 21, 2022 10:17:13 PM</td>
										<td class='linked' test-id='28'>Create new Job with Basic Information.Verify Recruiter Ai Login Functionality</td>
										<td><span class='test-status fail'>fail</span></td>
									</tr>
									<tr>
										<td>Oct 21, 2022 10:17:21 PM</td>
										<td class='linked' test-id='59'>Create New Job with all details.Verify Recruiter Ai Login Functionality</td>
										<td><span class='test-status fail'>fail</span></td>
									</tr>
								</tbody>
							</table>
						</div>
					</div>
				</li>
				<li class='category displayed active'>
					<div class='category-heading'>
						<span class='category-name'>@CreateNewJob</span>
						<span class='category-status right'>
							<span class='label fail'>2</span>
						</span>
					</div>
					<div class='category-content hide'>
						<div class='category-status-counts'>
							
							<span class='label red lighten-1 white-text'>Failed: 2</span>
							
						</div>
					
						<div class='category-tests'>
							<table class='bordered table-results'>
								<thead>
									<tr>
										<th>Timestamp</th>
										<th>TestName</th>
										<th>Status</th>
									</tr>
								</thead>
								<tbody>
									<tr>
										<td>Oct 21, 2022 10:17:16 PM</td>
										<td class='linked' test-id='34'>Create new Job with Basic Information.Verify create new job functionality with basic information.Verify create new job functionality with basic information</td>
										<td><span class='test-status fail'>fail</span></td>
									</tr>
									<tr>
										<td>Oct 21, 2022 10:17:24 PM</td>
										<td class='linked' test-id='65'>Create New Job with all details.Verify create new job functionality.Verify create new job functionality</td>
										<td><span class='test-status fail'>fail</span></td>
									</tr>
								</tbody>
							</table>
						</div>
					</div>
				</li>
				<li class='category displayed active'>
					<div class='category-heading'>
						<span class='category-name'>@PrescreeningQuestions</span>
						<span class='category-status right'>
							<span class='label fail'>1</span>
						</span>
					</div>
					<div class='category-content hide'>
						<div class='category-status-counts'>
							
							<span class='label red lighten-1 white-text'>Failed: 1</span>
							
						</div>
					
						<div class='category-tests'>
							<table class='bordered table-results'>
								<thead>
									<tr>
										<th>Timestamp</th>
										<th>TestName</th>
										<th>Status</th>
									</tr>
								</thead>
								<tbody>
									<tr>
										<td>Oct 21, 2022 10:17:29 PM</td>
										<td class='linked' test-id='97'>Create New Job with all details.verify recruiter able to choose pre screening questions</td>
										<td><span class='test-status fail'>fail</span></td>
									</tr>
								</tbody>
							</table>
						</div>
					</div>
				</li>
				<li class='category displayed active'>
					<div class='category-heading'>
						<span class='category-name'>@Attachments</span>
						<span class='category-status right'>
							<span class='label fail'>1</span>
						</span>
					</div>
					<div class='category-content hide'>
						<div class='category-status-counts'>
							
							<span class='label red lighten-1 white-text'>Failed: 1</span>
							
						</div>
					
						<div class='category-tests'>
							<table class='bordered table-results'>
								<thead>
									<tr>
										<th>Timestamp</th>
										<th>TestName</th>
										<th>Status</th>
									</tr>
								</thead>
								<tbody>
									<tr>
										<td>Oct 21, 2022 10:17:31 PM</td>
										<td class='linked' test-id='106'>Create New Job with all details.Verify Attachments functionality</td>
										<td><span class='test-status fail'>fail</span></td>
									</tr>
								</tbody>
							</table>
						</div>
					</div>
				</li>
				<li class='category displayed active'>
					<div class='category-heading'>
						<span class='category-name'>@Guestapplyjob</span>
						<span class='category-status right'>
							<span class='label fail'>1</span>
						</span>
					</div>
					<div class='category-content hide'>
						<div class='category-status-counts'>
							
							<span class='label red lighten-1 white-text'>Failed: 1</span>
							
						</div>
					
						<div class='category-tests'>
							<table class='bordered table-results'>
								<thead>
									<tr>
										<th>Timestamp</th>
										<th>TestName</th>
										<th>Status</th>
									</tr>
								</thead>
								<tbody>
									<tr>
										<td>Oct 21, 2022 10:17:33 PM</td>
										<td class='linked' test-id='111'>Candidate Job Application form.Verify Candidate apply for job as a guest</td>
										<td><span class='test-status fail'>fail</span></td>
									</tr>
								</tbody>
							</table>
						</div>
					</div>
				</li>
				<li class='category displayed active'>
					<div class='category-heading'>
						<span class='category-name'>@Application</span>
						<span class='category-status right'>
							<span class='label fail'>1</span>
						</span>
					</div>
					<div class='category-content hide'>
						<div class='category-status-counts'>
							
							<span class='label red lighten-1 white-text'>Failed: 1</span>
							
						</div>
					
						<div class='category-tests'>
							<table class='bordered table-results'>
								<thead>
									<tr>
										<th>Timestamp</th>
										<th>TestName</th>
										<th>Status</th>
									</tr>
								</thead>
								<tbody>
									<tr>
										<td>Oct 21, 2022 10:17:36 PM</td>
										<td class='linked' test-id='116'>Candidate Job Application form.Verify guest candidate able to fill job Application.Verify guest candidate able to fill job Application</td>
										<td><span class='test-status fail'>fail</span></td>
									</tr>
								</tbody>
							</table>
						</div>
					</div>
				</li>
				<li class='category displayed active'>
					<div class='category-heading'>
						<span class='category-name'>@tag1</span>
						<span class='category-status right'>
							<span class='label fail'>1</span>
						</span>
					</div>
					<div class='category-content hide'>
						<div class='category-status-counts'>
							
							<span class='label red lighten-1 white-text'>Failed: 1</span>
							
						</div>
					
						<div class='category-tests'>
							<table class='bordered table-results'>
								<thead>
									<tr>
										<th>Timestamp</th>
										<th>TestName</th>
										<th>Status</th>
									</tr>
								</thead>
								<tbody>
									<tr>
										<td>Oct 21, 2022 10:17:36 PM</td>
										<td class='linked' test-id='124'>Login and Logout feature.verify login and logout functionality</td>
										<td><span class='test-status fail'>fail</span></td>
									</tr>
								</tbody>
							</table>
						</div>
					</div>
				</li>
				<li class='category displayed active'>
					<div class='category-heading'>
						<span class='category-name'>@Logout</span>
						<span class='category-status right'>
							<span class='label fail'>1</span>
						</span>
					</div>
					<div class='category-content hide'>
						<div class='category-status-counts'>
							
							<span class='label red lighten-1 white-text'>Failed: 1</span>
							
						</div>
					
						<div class='category-tests'>
							<table class='bordered table-results'>
								<thead>
									<tr>
										<th>Timestamp</th>
										<th>TestName</th>
										<th>Status</th>
									</tr>
								</thead>
								<tbody>
									<tr>
										<td>Oct 21, 2022 10:17:39 PM</td>
										<td class='linked' test-id='129'>Login and Logout feature.Verify Recruiter Ai Logout Functionality</td>
										<td><span class='test-status fail'>fail</span></td>
									</tr>
								</tbody>
							</table>
						</div>
					</div>
				</li>
				<li class='category displayed active'>
					<div class='category-heading'>
						<span class='category-name'>@Signinapplyjob</span>
						<span class='category-status right'>
							<span class='label fail'>1</span>
						</span>
					</div>
					<div class='category-content hide'>
						<div class='category-status-counts'>
							
							<span class='label red lighten-1 white-text'>Failed: 1</span>
							
						</div>
					
						<div class='category-tests'>
							<table class='bordered table-results'>
								<thead>
									<tr>
										<th>Timestamp</th>
										<th>TestName</th>
										<th>Status</th>
									</tr>
								</thead>
								<tbody>
									<tr>
										<td>Oct 21, 2022 10:17:43 PM</td>
										<td class='linked' test-id='132'>candidate sign in and apply for job.Verify signed in Candidates apply for job</td>
										<td><span class='test-status fail'>fail</span></td>
									</tr>
								</tbody>
							</table>
						</div>
					</div>
				</li>

			</ul>
		</div>
	</div>

	<div class='subview-right left'>
		<div class='view-summary'>
			<h5 class='category-name'></h5>
		</div>
	</div>
</div>
<!-- category view -->
<div id='exception-view' class='view hide'>

    <section id='controls'>
        <div class='controls grey lighten-4'>
            <!-- search -->
            <div class='chip transparent' alt='Search Tests' title='Search Tests'>
                <a href="#" class='search-div'>
                    <i class='material-icons'>search</i> Search
                </a>

                <div class='input-field left hide'>
                    <input id='search-tests' type='text' class='validate browser-default' placeholder='Search Tests...'>
                </div>

            </div>
            <!-- search -->
        </div>
    </section>

    <div class='subview-left left'>

        <div class='view-summary'>
            <h5>Exceptions</h3>
                <ul id='exception-collection' class='exception-collection'>

                        <li class='exception displayed active'>
                            <div class='exception-heading'>
                                <span class='exception-name'>org.openqa.selenium.NoSuchWindowException</span>
                                <span class='exception-count right'><span class='label red lighten-1 white-text'>13</span></span>
                            </div>
                            <div class='exception-content hide'>
                                <div class='exception-tests'>
                                    <table class='bordered table-results'>
                                        <thead>
                                        <tr>
                                            <th>Timestamp</th>
                                            <th>TestName</th>
                                            <th>Status</th>
                                        </tr>
                                        </thead>
                                        <tbody>
                                                    <tr>
                                                        <td>Oct 21, 2022 10:17:10 PM</td>
                                                        <td class='linked' test-id='5'>Candidate choose Sign in and Apply.Verify Candidate registration.Verify Candidate registration.When Candidate clicks on apply button of Job</td>
                                                        <td><pre><pre>org.openqa.selenium.NoSuchWindowException: no such window: target window already closed
from unknown error: web view not found
  (Session info: chrome=106.0.5249.119)
Build info: version: '3.141.59', revision: 'e82be7d358', time: '2018-11-14T08:17:03'
System info: host: 'PAUL', ip: '192.168.1.5', os.name: 'Windows 10', os.arch: 'amd64', os.version: '10.0', java.version: '1.8.0_121'
Driver info: org.openqa.selenium.chrome.ChromeDriver
Capabilities {acceptInsecureCerts: false, browserName: chrome, browserVersion: 106.0.5249.119, chrome: {chromedriverVersion: 106.0.5249.61 (511755355844..., userDataDir: C:\Users\paul\AppData\Local...}, goog:chromeOptions: {debuggerAddress: localhost:50935}, javascriptEnabled: true, networkConnectionEnabled: false, pageLoadStrategy: normal, platform: WINDOWS, platformName: WINDOWS, proxy: Proxy(), setWindowRect: true, strictFileInteractability: false, timeouts: {implicit: 0, pageLoad: 300000, script: 30000}, unhandledPromptBehavior: dismiss and notify, webauthn:extension:credBlob: true, webauthn:extension:largeBlob: true, webauthn:virtualAuthenticators: true}
Session ID: f12607134e27236ba5d8a3145096e70c
*** Element info: {Using=xpath, value=//a[@id='hs-eu-confirmation-button']}
	at sun.reflect.NativeConstructorAccessorImpl.newInstance0(Native Method)
	at sun.reflect.NativeConstructorAccessorImpl.newInstance(NativeConstructorAccessorImpl.java:62)
	at sun.reflect.DelegatingConstructorAccessorImpl.newInstance(DelegatingConstructorAccessorImpl.java:45)
	at java.lang.reflect.Constructor.newInstance(Constructor.java:423)
	at org.openqa.selenium.remote.http.W3CHttpResponseCodec.createException(W3CHttpResponseCodec.java:187)
	at org.openqa.selenium.remote.http.W3CHttpResponseCodec.decode(W3CHttpResponseCodec.java:122)
	at org.openqa.selenium.remote.http.W3CHttpResponseCodec.decode(W3CHttpResponseCodec.java:49)
	at org.openqa.selenium.remote.HttpCommandExecutor.execute(HttpCommandExecutor.java:158)
	at org.openqa.selenium.remote.service.DriverCommandExecutor.execute(DriverCommandExecutor.java:83)
	at org.openqa.selenium.remote.RemoteWebDriver.execute(RemoteWebDriver.java:552)
	at org.openqa.selenium.remote.RemoteWebDriver.findElement(RemoteWebDriver.java:323)
	at org.openqa.selenium.remote.RemoteWebDriver.findElementByXPath(RemoteWebDriver.java:428)
	at org.openqa.selenium.By$ByXPath.findElement(By.java:353)
	at org.openqa.selenium.remote.RemoteWebDriver.findElement(RemoteWebDriver.java:315)
	at stepdef.Stepdef.candidate_clicks_on_apply_button_of_Job(Stepdef.java:549)
	at ✽.When Candidate clicks on apply button of Job(candidatereg.feature:7)
</pre></pre></td>
                                                    </tr>
                                                    <tr>
                                                        <td>Oct 21, 2022 10:17:13 PM</td>
                                                        <td class='linked' test-id='17'>Candidate choose Sign in and Apply.Verify Candidate registration.Verify Candidate registration.When Candidate clicks on apply button of Job</td>
                                                        <td><pre><pre>org.openqa.selenium.NoSuchWindowException: no such window: target window already closed
from unknown error: web view not found
  (Session info: chrome=106.0.5249.119)
Build info: version: '3.141.59', revision: 'e82be7d358', time: '2018-11-14T08:17:03'
System info: host: 'PAUL', ip: '192.168.1.5', os.name: 'Windows 10', os.arch: 'amd64', os.version: '10.0', java.version: '1.8.0_121'
Driver info: org.openqa.selenium.chrome.ChromeDriver
Capabilities {acceptInsecureCerts: false, browserName: chrome, browserVersion: 106.0.5249.119, chrome: {chromedriverVersion: 106.0.5249.61 (511755355844..., userDataDir: C:\Users\paul\AppData\Local...}, goog:chromeOptions: {debuggerAddress: localhost:50961}, javascriptEnabled: true, networkConnectionEnabled: false, pageLoadStrategy: normal, platform: WINDOWS, platformName: WINDOWS, proxy: Proxy(), setWindowRect: true, strictFileInteractability: false, timeouts: {implicit: 0, pageLoad: 300000, script: 30000}, unhandledPromptBehavior: dismiss and notify, webauthn:extension:credBlob: true, webauthn:extension:largeBlob: true, webauthn:virtualAuthenticators: true}
Session ID: 6fa93e9b2ba6896073039bbf07a963ef
*** Element info: {Using=xpath, value=//a[@id='hs-eu-confirmation-button']}
	at sun.reflect.NativeConstructorAccessorImpl.newInstance0(Native Method)
	at sun.reflect.NativeConstructorAccessorImpl.newInstance(NativeConstructorAccessorImpl.java:62)
	at sun.reflect.DelegatingConstructorAccessorImpl.newInstance(DelegatingConstructorAccessorImpl.java:45)
	at java.lang.reflect.Constructor.newInstance(Constructor.java:423)
	at org.openqa.selenium.remote.http.W3CHttpResponseCodec.createException(W3CHttpResponseCodec.java:187)
	at org.openqa.selenium.remote.http.W3CHttpResponseCodec.decode(W3CHttpResponseCodec.java:122)
	at org.openqa.selenium.remote.http.W3CHttpResponseCodec.decode(W3CHttpResponseCodec.java:49)
	at org.openqa.selenium.remote.HttpCommandExecutor.execute(HttpCommandExecutor.java:158)
	at org.openqa.selenium.remote.service.DriverCommandExecutor.execute(DriverCommandExecutor.java:83)
	at org.openqa.selenium.remote.RemoteWebDriver.execute(RemoteWebDriver.java:552)
	at org.openqa.selenium.remote.RemoteWebDriver.findElement(RemoteWebDriver.java:323)
	at org.openqa.selenium.remote.RemoteWebDriver.findElementByXPath(RemoteWebDriver.java:428)
	at org.openqa.selenium.By$ByXPath.findElement(By.java:353)
	at org.openqa.selenium.remote.RemoteWebDriver.findElement(RemoteWebDriver.java:315)
	at stepdef.Stepdef.candidate_clicks_on_apply_button_of_Job(Stepdef.java:549)
	at ✽.When Candidate clicks on apply button of Job(candidatereg.feature:7)
</pre></pre></td>
                                                    </tr>
                                                    <tr>
                                                        <td>Oct 21, 2022 10:17:16 PM</td>
                                                        <td class='linked' test-id='35'>Create new Job with Basic Information.Verify create new job functionality with basic information.Verify create new job functionality with basic information.Given Recruiter clicks on Jobs Menu</td>
                                                        <td><pre><pre>org.openqa.selenium.NoSuchWindowException: no such window: target window already closed
from unknown error: web view not found
  (Session info: chrome=106.0.5249.119)
Build info: version: '3.141.59', revision: 'e82be7d358', time: '2018-11-14T08:17:03'
System info: host: 'PAUL', ip: '192.168.1.5', os.name: 'Windows 10', os.arch: 'amd64', os.version: '10.0', java.version: '1.8.0_121'
Driver info: org.openqa.selenium.chrome.ChromeDriver
Capabilities {acceptInsecureCerts: false, browserName: chrome, browserVersion: 106.0.5249.119, chrome: {chromedriverVersion: 106.0.5249.61 (511755355844..., userDataDir: C:\Users\paul\AppData\Local...}, goog:chromeOptions: {debuggerAddress: localhost:50987}, javascriptEnabled: true, networkConnectionEnabled: false, pageLoadStrategy: normal, platform: WINDOWS, platformName: WINDOWS, proxy: Proxy(), setWindowRect: true, strictFileInteractability: false, timeouts: {implicit: 0, pageLoad: 300000, script: 30000}, unhandledPromptBehavior: dismiss and notify, webauthn:extension:credBlob: true, webauthn:extension:largeBlob: true, webauthn:virtualAuthenticators: true}
Session ID: 1b709870c31e6e05433eeedecad181d0
*** Element info: {Using=xpath, value=(//a[@class='bx--header__menu-item'])[2]}
	at sun.reflect.NativeConstructorAccessorImpl.newInstance0(Native Method)
	at sun.reflect.NativeConstructorAccessorImpl.newInstance(NativeConstructorAccessorImpl.java:62)
	at sun.reflect.DelegatingConstructorAccessorImpl.newInstance(DelegatingConstructorAccessorImpl.java:45)
	at java.lang.reflect.Constructor.newInstance(Constructor.java:423)
	at org.openqa.selenium.remote.http.W3CHttpResponseCodec.createException(W3CHttpResponseCodec.java:187)
	at org.openqa.selenium.remote.http.W3CHttpResponseCodec.decode(W3CHttpResponseCodec.java:122)
	at org.openqa.selenium.remote.http.W3CHttpResponseCodec.decode(W3CHttpResponseCodec.java:49)
	at org.openqa.selenium.remote.HttpCommandExecutor.execute(HttpCommandExecutor.java:158)
	at org.openqa.selenium.remote.service.DriverCommandExecutor.execute(DriverCommandExecutor.java:83)
	at org.openqa.selenium.remote.RemoteWebDriver.execute(RemoteWebDriver.java:552)
	at org.openqa.selenium.remote.RemoteWebDriver.findElement(RemoteWebDriver.java:323)
	at org.openqa.selenium.remote.RemoteWebDriver.findElementByXPath(RemoteWebDriver.java:428)
	at org.openqa.selenium.By$ByXPath.findElement(By.java:353)
	at org.openqa.selenium.remote.RemoteWebDriver.findElement(RemoteWebDriver.java:315)
	at stepdef.Stepdef.recruiter_clicks_on_Jobs_Menu(Stepdef.java:65)
	at ✽.Given Recruiter clicks on Jobs Menu(createbasicjob.feature:13)
</pre></pre></td>
                                                    </tr>
                                                    <tr>
                                                        <td>Oct 21, 2022 10:17:24 PM</td>
                                                        <td class='linked' test-id='61'>Create New Job with all details.Verify Recruiter Ai Login Functionality.Then accept cookies and choose login type</td>
                                                        <td><pre><pre>org.openqa.selenium.NoSuchWindowException: no such window: target window already closed
from unknown error: web view not found
  (Session info: chrome=106.0.5249.119)
Build info: version: '3.141.59', revision: 'e82be7d358', time: '2018-11-14T08:17:03'
System info: host: 'PAUL', ip: '192.168.1.5', os.name: 'Windows 10', os.arch: 'amd64', os.version: '10.0', java.version: '1.8.0_121'
Driver info: org.openqa.selenium.chrome.ChromeDriver
Capabilities {acceptInsecureCerts: false, browserName: chrome, browserVersion: 106.0.5249.119, chrome: {chromedriverVersion: 106.0.5249.61 (511755355844..., userDataDir: C:\Users\paul\AppData\Local...}, goog:chromeOptions: {debuggerAddress: localhost:51017}, javascriptEnabled: true, networkConnectionEnabled: false, pageLoadStrategy: normal, platform: WINDOWS, platformName: WINDOWS, proxy: Proxy(), setWindowRect: true, strictFileInteractability: false, timeouts: {implicit: 0, pageLoad: 300000, script: 30000}, unhandledPromptBehavior: dismiss and notify, webauthn:extension:credBlob: true, webauthn:extension:largeBlob: true, webauthn:virtualAuthenticators: true}
Session ID: 0501d1a3942824562905e04f7ddb1dbb
*** Element info: {Using=id, value=hs-eu-confirmation-button}
	at sun.reflect.NativeConstructorAccessorImpl.newInstance0(Native Method)
	at sun.reflect.NativeConstructorAccessorImpl.newInstance(NativeConstructorAccessorImpl.java:62)
	at sun.reflect.DelegatingConstructorAccessorImpl.newInstance(DelegatingConstructorAccessorImpl.java:45)
	at java.lang.reflect.Constructor.newInstance(Constructor.java:423)
	at org.openqa.selenium.remote.http.W3CHttpResponseCodec.createException(W3CHttpResponseCodec.java:187)
	at org.openqa.selenium.remote.http.W3CHttpResponseCodec.decode(W3CHttpResponseCodec.java:122)
	at org.openqa.selenium.remote.http.W3CHttpResponseCodec.decode(W3CHttpResponseCodec.java:49)
	at org.openqa.selenium.remote.HttpCommandExecutor.execute(HttpCommandExecutor.java:158)
	at org.openqa.selenium.remote.service.DriverCommandExecutor.execute(DriverCommandExecutor.java:83)
	at org.openqa.selenium.remote.RemoteWebDriver.execute(RemoteWebDriver.java:552)
	at org.openqa.selenium.remote.RemoteWebDriver.findElement(RemoteWebDriver.java:323)
	at org.openqa.selenium.remote.RemoteWebDriver.findElementById(RemoteWebDriver.java:372)
	at org.openqa.selenium.By$ById.findElement(By.java:188)
	at org.openqa.selenium.remote.RemoteWebDriver.findElement(RemoteWebDriver.java:315)
	at stepdef.Stepdef.accept_cookies_and_choose_login_type(Stepdef.java:41)
	at ✽.Then accept cookies and choose login type(createnewjob.feature:6)
</pre></pre></td>
                                                    </tr>
                                                    <tr>
                                                        <td>Oct 21, 2022 10:17:24 PM</td>
                                                        <td class='linked' test-id='66'>Create New Job with all details.Verify create new job functionality.Verify create new job functionality.Given Recruiter clicks on Jobs Menu</td>
                                                        <td><pre><pre>org.openqa.selenium.NoSuchWindowException: no such window: target window already closed
from unknown error: web view not found
  (Session info: chrome=106.0.5249.119)
Build info: version: '3.141.59', revision: 'e82be7d358', time: '2018-11-14T08:17:03'
System info: host: 'PAUL', ip: '192.168.1.5', os.name: 'Windows 10', os.arch: 'amd64', os.version: '10.0', java.version: '1.8.0_121'
Driver info: org.openqa.selenium.chrome.ChromeDriver
Capabilities {acceptInsecureCerts: false, browserName: chrome, browserVersion: 106.0.5249.119, chrome: {chromedriverVersion: 106.0.5249.61 (511755355844..., userDataDir: C:\Users\paul\AppData\Local...}, goog:chromeOptions: {debuggerAddress: localhost:51017}, javascriptEnabled: true, networkConnectionEnabled: false, pageLoadStrategy: normal, platform: WINDOWS, platformName: WINDOWS, proxy: Proxy(), setWindowRect: true, strictFileInteractability: false, timeouts: {implicit: 0, pageLoad: 300000, script: 30000}, unhandledPromptBehavior: dismiss and notify, webauthn:extension:credBlob: true, webauthn:extension:largeBlob: true, webauthn:virtualAuthenticators: true}
Session ID: 0501d1a3942824562905e04f7ddb1dbb
*** Element info: {Using=xpath, value=(//a[@class='bx--header__menu-item'])[2]}
	at sun.reflect.NativeConstructorAccessorImpl.newInstance0(Native Method)
	at sun.reflect.NativeConstructorAccessorImpl.newInstance(NativeConstructorAccessorImpl.java:62)
	at sun.reflect.DelegatingConstructorAccessorImpl.newInstance(DelegatingConstructorAccessorImpl.java:45)
	at java.lang.reflect.Constructor.newInstance(Constructor.java:423)
	at org.openqa.selenium.remote.http.W3CHttpResponseCodec.createException(W3CHttpResponseCodec.java:187)
	at org.openqa.selenium.remote.http.W3CHttpResponseCodec.decode(W3CHttpResponseCodec.java:122)
	at org.openqa.selenium.remote.http.W3CHttpResponseCodec.decode(W3CHttpResponseCodec.java:49)
	at org.openqa.selenium.remote.HttpCommandExecutor.execute(HttpCommandExecutor.java:158)
	at org.openqa.selenium.remote.service.DriverCommandExecutor.execute(DriverCommandExecutor.java:83)
	at org.openqa.selenium.remote.RemoteWebDriver.execute(RemoteWebDriver.java:552)
	at org.openqa.selenium.remote.RemoteWebDriver.findElement(RemoteWebDriver.java:323)
	at org.openqa.selenium.remote.RemoteWebDriver.findElementByXPath(RemoteWebDriver.java:428)
	at org.openqa.selenium.By$ByXPath.findElement(By.java:353)
	at org.openqa.selenium.remote.RemoteWebDriver.findElement(RemoteWebDriver.java:315)
	at stepdef.Stepdef.recruiter_clicks_on_Jobs_Menu(Stepdef.java:65)
	at ✽.Given Recruiter clicks on Jobs Menu(createnewjob.feature:12)
</pre></pre></td>
                                                    </tr>
                                                    <tr>
                                                        <td>Oct 21, 2022 10:17:29 PM</td>
                                                        <td class='linked' test-id='98'>Create New Job with all details.verify recruiter able to choose pre screening questions.Given recruiter clicks on pre screening questionaire</td>
                                                        <td><pre><pre>org.openqa.selenium.NoSuchWindowException: no such window: target window already closed
from unknown error: web view not found
  (Session info: chrome=106.0.5249.119)
Build info: version: '3.141.59', revision: 'e82be7d358', time: '2018-11-14T08:17:03'
System info: host: 'PAUL', ip: '192.168.1.5', os.name: 'Windows 10', os.arch: 'amd64', os.version: '10.0', java.version: '1.8.0_121'
Driver info: org.openqa.selenium.chrome.ChromeDriver
Capabilities {acceptInsecureCerts: false, browserName: chrome, browserVersion: 106.0.5249.119, chrome: {chromedriverVersion: 106.0.5249.61 (511755355844..., userDataDir: C:\Users\paul\AppData\Local...}, goog:chromeOptions: {debuggerAddress: localhost:51017}, javascriptEnabled: true, networkConnectionEnabled: false, pageLoadStrategy: normal, platform: WINDOWS, platformName: WINDOWS, proxy: Proxy(), setWindowRect: true, strictFileInteractability: false, timeouts: {implicit: 0, pageLoad: 300000, script: 30000}, unhandledPromptBehavior: dismiss and notify, webauthn:extension:credBlob: true, webauthn:extension:largeBlob: true, webauthn:virtualAuthenticators: true}
Session ID: 0501d1a3942824562905e04f7ddb1dbb
*** Element info: {Using=xpath, value=(//li[@class='sui-single-option-facet__item inactive'])[3]}
	at sun.reflect.NativeConstructorAccessorImpl.newInstance0(Native Method)
	at sun.reflect.NativeConstructorAccessorImpl.newInstance(NativeConstructorAccessorImpl.java:62)
	at sun.reflect.DelegatingConstructorAccessorImpl.newInstance(DelegatingConstructorAccessorImpl.java:45)
	at java.lang.reflect.Constructor.newInstance(Constructor.java:423)
	at org.openqa.selenium.remote.http.W3CHttpResponseCodec.createException(W3CHttpResponseCodec.java:187)
	at org.openqa.selenium.remote.http.W3CHttpResponseCodec.decode(W3CHttpResponseCodec.java:122)
	at org.openqa.selenium.remote.http.W3CHttpResponseCodec.decode(W3CHttpResponseCodec.java:49)
	at org.openqa.selenium.remote.HttpCommandExecutor.execute(HttpCommandExecutor.java:158)
	at org.openqa.selenium.remote.service.DriverCommandExecutor.execute(DriverCommandExecutor.java:83)
	at org.openqa.selenium.remote.RemoteWebDriver.execute(RemoteWebDriver.java:552)
	at org.openqa.selenium.remote.RemoteWebDriver.findElement(RemoteWebDriver.java:323)
	at org.openqa.selenium.remote.RemoteWebDriver.findElementByXPath(RemoteWebDriver.java:428)
	at org.openqa.selenium.By$ByXPath.findElement(By.java:353)
	at org.openqa.selenium.remote.RemoteWebDriver.findElement(RemoteWebDriver.java:315)
	at stepdef.Stepdef.recruiter_clicks_on_pre_screening_questionaire(Stepdef.java:319)
	at ✽.Given recruiter clicks on pre screening questionaire(createnewjob.feature:63)
</pre></pre></td>
                                                    </tr>
                                                    <tr>
                                                        <td>Oct 21, 2022 10:17:31 PM</td>
                                                        <td class='linked' test-id='107'>Create New Job with all details.Verify Attachments functionality.Given recruiter Clicks on Attachments section</td>
                                                        <td><pre><pre>org.openqa.selenium.NoSuchWindowException: no such window: target window already closed
from unknown error: web view not found
  (Session info: chrome=106.0.5249.119)
Build info: version: '3.141.59', revision: 'e82be7d358', time: '2018-11-14T08:17:03'
System info: host: 'PAUL', ip: '192.168.1.5', os.name: 'Windows 10', os.arch: 'amd64', os.version: '10.0', java.version: '1.8.0_121'
Driver info: org.openqa.selenium.chrome.ChromeDriver
Capabilities {acceptInsecureCerts: false, browserName: chrome, browserVersion: 106.0.5249.119, chrome: {chromedriverVersion: 106.0.5249.61 (511755355844..., userDataDir: C:\Users\paul\AppData\Local...}, goog:chromeOptions: {debuggerAddress: localhost:51017}, javascriptEnabled: true, networkConnectionEnabled: false, pageLoadStrategy: normal, platform: WINDOWS, platformName: WINDOWS, proxy: Proxy(), setWindowRect: true, strictFileInteractability: false, timeouts: {implicit: 0, pageLoad: 300000, script: 30000}, unhandledPromptBehavior: dismiss and notify, webauthn:extension:credBlob: true, webauthn:extension:largeBlob: true, webauthn:virtualAuthenticators: true}
Session ID: 0501d1a3942824562905e04f7ddb1dbb
*** Element info: {Using=xpath, value=(//button[@type='button'])[73]}
	at sun.reflect.NativeConstructorAccessorImpl.newInstance0(Native Method)
	at sun.reflect.NativeConstructorAccessorImpl.newInstance(NativeConstructorAccessorImpl.java:62)
	at sun.reflect.DelegatingConstructorAccessorImpl.newInstance(DelegatingConstructorAccessorImpl.java:45)
	at java.lang.reflect.Constructor.newInstance(Constructor.java:423)
	at org.openqa.selenium.remote.http.W3CHttpResponseCodec.createException(W3CHttpResponseCodec.java:187)
	at org.openqa.selenium.remote.http.W3CHttpResponseCodec.decode(W3CHttpResponseCodec.java:122)
	at org.openqa.selenium.remote.http.W3CHttpResponseCodec.decode(W3CHttpResponseCodec.java:49)
	at org.openqa.selenium.remote.HttpCommandExecutor.execute(HttpCommandExecutor.java:158)
	at org.openqa.selenium.remote.service.DriverCommandExecutor.execute(DriverCommandExecutor.java:83)
	at org.openqa.selenium.remote.RemoteWebDriver.execute(RemoteWebDriver.java:552)
	at org.openqa.selenium.remote.RemoteWebDriver.findElement(RemoteWebDriver.java:323)
	at org.openqa.selenium.remote.RemoteWebDriver.findElementByXPath(RemoteWebDriver.java:428)
	at org.openqa.selenium.By$ByXPath.findElement(By.java:353)
	at org.openqa.selenium.remote.RemoteWebDriver.findElement(RemoteWebDriver.java:315)
	at stepdef.Stepdef.recruiter_Clicks_on_Attachments_section(Stepdef.java:505)
	at ✽.Given recruiter Clicks on Attachments section(createnewjob.feature:78)
</pre></pre></td>
                                                    </tr>
                                                    <tr>
                                                        <td>Oct 21, 2022 10:17:36 PM</td>
                                                        <td class='linked' test-id='113'>Candidate Job Application form.Verify Candidate apply for job as a guest.When Candidate clicks on apply button of Job</td>
                                                        <td><pre><pre>org.openqa.selenium.NoSuchWindowException: no such window: target window already closed
from unknown error: web view not found
  (Session info: chrome=106.0.5249.119)
Build info: version: '3.141.59', revision: 'e82be7d358', time: '2018-11-14T08:17:03'
System info: host: 'PAUL', ip: '192.168.1.5', os.name: 'Windows 10', os.arch: 'amd64', os.version: '10.0', java.version: '1.8.0_121'
Driver info: org.openqa.selenium.chrome.ChromeDriver
Capabilities {acceptInsecureCerts: false, browserName: chrome, browserVersion: 106.0.5249.119, chrome: {chromedriverVersion: 106.0.5249.61 (511755355844..., userDataDir: C:\Users\paul\AppData\Local...}, goog:chromeOptions: {debuggerAddress: localhost:51049}, javascriptEnabled: true, networkConnectionEnabled: false, pageLoadStrategy: normal, platform: WINDOWS, platformName: WINDOWS, proxy: Proxy(), setWindowRect: true, strictFileInteractability: false, timeouts: {implicit: 0, pageLoad: 300000, script: 30000}, unhandledPromptBehavior: dismiss and notify, webauthn:extension:credBlob: true, webauthn:extension:largeBlob: true, webauthn:virtualAuthenticators: true}
Session ID: 7cded4565323ae21503b506cd22442f9
*** Element info: {Using=xpath, value=//a[@id='hs-eu-confirmation-button']}
	at sun.reflect.NativeConstructorAccessorImpl.newInstance0(Native Method)
	at sun.reflect.NativeConstructorAccessorImpl.newInstance(NativeConstructorAccessorImpl.java:62)
	at sun.reflect.DelegatingConstructorAccessorImpl.newInstance(DelegatingConstructorAccessorImpl.java:45)
	at java.lang.reflect.Constructor.newInstance(Constructor.java:423)
	at org.openqa.selenium.remote.http.W3CHttpResponseCodec.createException(W3CHttpResponseCodec.java:187)
	at org.openqa.selenium.remote.http.W3CHttpResponseCodec.decode(W3CHttpResponseCodec.java:122)
	at org.openqa.selenium.remote.http.W3CHttpResponseCodec.decode(W3CHttpResponseCodec.java:49)
	at org.openqa.selenium.remote.HttpCommandExecutor.execute(HttpCommandExecutor.java:158)
	at org.openqa.selenium.remote.service.DriverCommandExecutor.execute(DriverCommandExecutor.java:83)
	at org.openqa.selenium.remote.RemoteWebDriver.execute(RemoteWebDriver.java:552)
	at org.openqa.selenium.remote.RemoteWebDriver.findElement(RemoteWebDriver.java:323)
	at org.openqa.selenium.remote.RemoteWebDriver.findElementByXPath(RemoteWebDriver.java:428)
	at org.openqa.selenium.By$ByXPath.findElement(By.java:353)
	at org.openqa.selenium.remote.RemoteWebDriver.findElement(RemoteWebDriver.java:315)
	at stepdef.Stepdef.candidate_clicks_on_apply_button_of_Job(Stepdef.java:549)
	at ✽.When Candidate clicks on apply button of Job(guestapply.feature:7)
</pre></pre></td>
                                                    </tr>
                                                    <tr>
                                                        <td>Oct 21, 2022 10:17:36 PM</td>
                                                        <td class='linked' test-id='117'>Candidate Job Application form.Verify guest candidate able to fill job Application.Verify guest candidate able to fill job Application.And Candidate enters first name "first001"</td>
                                                        <td><pre><pre>org.openqa.selenium.NoSuchWindowException: no such window: target window already closed
from unknown error: web view not found
  (Session info: chrome=106.0.5249.119)
Build info: version: '3.141.59', revision: 'e82be7d358', time: '2018-11-14T08:17:03'
System info: host: 'PAUL', ip: '192.168.1.5', os.name: 'Windows 10', os.arch: 'amd64', os.version: '10.0', java.version: '1.8.0_121'
Driver info: org.openqa.selenium.chrome.ChromeDriver
Capabilities {acceptInsecureCerts: false, browserName: chrome, browserVersion: 106.0.5249.119, chrome: {chromedriverVersion: 106.0.5249.61 (511755355844..., userDataDir: C:\Users\paul\AppData\Local...}, goog:chromeOptions: {debuggerAddress: localhost:51049}, javascriptEnabled: true, networkConnectionEnabled: false, pageLoadStrategy: normal, platform: WINDOWS, platformName: WINDOWS, proxy: Proxy(), setWindowRect: true, strictFileInteractability: false, timeouts: {implicit: 0, pageLoad: 300000, script: 30000}, unhandledPromptBehavior: dismiss and notify, webauthn:extension:credBlob: true, webauthn:extension:largeBlob: true, webauthn:virtualAuthenticators: true}
Session ID: 7cded4565323ae21503b506cd22442f9
*** Element info: {Using=xpath, value=//input[@id='candidateFirstName']}
	at sun.reflect.NativeConstructorAccessorImpl.newInstance0(Native Method)
	at sun.reflect.NativeConstructorAccessorImpl.newInstance(NativeConstructorAccessorImpl.java:62)
	at sun.reflect.DelegatingConstructorAccessorImpl.newInstance(DelegatingConstructorAccessorImpl.java:45)
	at java.lang.reflect.Constructor.newInstance(Constructor.java:423)
	at org.openqa.selenium.remote.http.W3CHttpResponseCodec.createException(W3CHttpResponseCodec.java:187)
	at org.openqa.selenium.remote.http.W3CHttpResponseCodec.decode(W3CHttpResponseCodec.java:122)
	at org.openqa.selenium.remote.http.W3CHttpResponseCodec.decode(W3CHttpResponseCodec.java:49)
	at org.openqa.selenium.remote.HttpCommandExecutor.execute(HttpCommandExecutor.java:158)
	at org.openqa.selenium.remote.service.DriverCommandExecutor.execute(DriverCommandExecutor.java:83)
	at org.openqa.selenium.remote.RemoteWebDriver.execute(RemoteWebDriver.java:552)
	at org.openqa.selenium.remote.RemoteWebDriver.findElement(RemoteWebDriver.java:323)
	at org.openqa.selenium.remote.RemoteWebDriver.findElementByXPath(RemoteWebDriver.java:428)
	at org.openqa.selenium.By$ByXPath.findElement(By.java:353)
	at org.openqa.selenium.remote.RemoteWebDriver.findElement(RemoteWebDriver.java:315)
	at stepdef.Stepdef.candidate_enters_first_name(Stepdef.java:629)
	at ✽.And Candidate enters first name "first001"(guestapply.feature:12)
</pre></pre></td>
                                                    </tr>
                                                    <tr>
                                                        <td>Oct 21, 2022 10:17:39 PM</td>
                                                        <td class='linked' test-id='126'>Login and Logout feature.verify login and logout functionality.Then accept cookies and choose login type</td>
                                                        <td><pre><pre>org.openqa.selenium.NoSuchWindowException: no such window: target window already closed
from unknown error: web view not found
  (Session info: chrome=106.0.5249.119)
Build info: version: '3.141.59', revision: 'e82be7d358', time: '2018-11-14T08:17:03'
System info: host: 'PAUL', ip: '192.168.1.5', os.name: 'Windows 10', os.arch: 'amd64', os.version: '10.0', java.version: '1.8.0_121'
Driver info: org.openqa.selenium.chrome.ChromeDriver
Capabilities {acceptInsecureCerts: false, browserName: chrome, browserVersion: 106.0.5249.119, chrome: {chromedriverVersion: 106.0.5249.61 (511755355844..., userDataDir: C:\Users\paul\AppData\Local...}, goog:chromeOptions: {debuggerAddress: localhost:51072}, javascriptEnabled: true, networkConnectionEnabled: false, pageLoadStrategy: normal, platform: WINDOWS, platformName: WINDOWS, proxy: Proxy(), setWindowRect: true, strictFileInteractability: false, timeouts: {implicit: 0, pageLoad: 300000, script: 30000}, unhandledPromptBehavior: dismiss and notify, webauthn:extension:credBlob: true, webauthn:extension:largeBlob: true, webauthn:virtualAuthenticators: true}
Session ID: 1b8ff08ffc45ce78b99351464fb27b4a
*** Element info: {Using=id, value=hs-eu-confirmation-button}
	at sun.reflect.NativeConstructorAccessorImpl.newInstance0(Native Method)
	at sun.reflect.NativeConstructorAccessorImpl.newInstance(NativeConstructorAccessorImpl.java:62)
	at sun.reflect.DelegatingConstructorAccessorImpl.newInstance(DelegatingConstructorAccessorImpl.java:45)
	at java.lang.reflect.Constructor.newInstance(Constructor.java:423)
	at org.openqa.selenium.remote.http.W3CHttpResponseCodec.createException(W3CHttpResponseCodec.java:187)
	at org.openqa.selenium.remote.http.W3CHttpResponseCodec.decode(W3CHttpResponseCodec.java:122)
	at org.openqa.selenium.remote.http.W3CHttpResponseCodec.decode(W3CHttpResponseCodec.java:49)
	at org.openqa.selenium.remote.HttpCommandExecutor.execute(HttpCommandExecutor.java:158)
	at org.openqa.selenium.remote.service.DriverCommandExecutor.execute(DriverCommandExecutor.java:83)
	at org.openqa.selenium.remote.RemoteWebDriver.execute(RemoteWebDriver.java:552)
	at org.openqa.selenium.remote.RemoteWebDriver.findElement(RemoteWebDriver.java:323)
	at org.openqa.selenium.remote.RemoteWebDriver.findElementById(RemoteWebDriver.java:372)
	at org.openqa.selenium.By$ById.findElement(By.java:188)
	at org.openqa.selenium.remote.RemoteWebDriver.findElement(RemoteWebDriver.java:315)
	at stepdef.Stepdef.accept_cookies_and_choose_login_type(Stepdef.java:41)
	at ✽.Then accept cookies and choose login type(loginlogout.feature:8)
</pre></pre></td>
                                                    </tr>
                                                    <tr>
                                                        <td>Oct 21, 2022 10:17:39 PM</td>
                                                        <td class='linked' test-id='130'>Login and Logout feature.Verify Recruiter Ai Logout Functionality.Given Click on Logout Button</td>
                                                        <td><pre><pre>org.openqa.selenium.NoSuchWindowException: no such window: target window already closed
from unknown error: web view not found
  (Session info: chrome=106.0.5249.119)
Build info: version: '3.141.59', revision: 'e82be7d358', time: '2018-11-14T08:17:03'
System info: host: 'PAUL', ip: '192.168.1.5', os.name: 'Windows 10', os.arch: 'amd64', os.version: '10.0', java.version: '1.8.0_121'
Driver info: org.openqa.selenium.chrome.ChromeDriver
Capabilities {acceptInsecureCerts: false, browserName: chrome, browserVersion: 106.0.5249.119, chrome: {chromedriverVersion: 106.0.5249.61 (511755355844..., userDataDir: C:\Users\paul\AppData\Local...}, goog:chromeOptions: {debuggerAddress: localhost:51072}, javascriptEnabled: true, networkConnectionEnabled: false, pageLoadStrategy: normal, platform: WINDOWS, platformName: WINDOWS, proxy: Proxy(), setWindowRect: true, strictFileInteractability: false, timeouts: {implicit: 0, pageLoad: 300000, script: 30000}, unhandledPromptBehavior: dismiss and notify, webauthn:extension:credBlob: true, webauthn:extension:largeBlob: true, webauthn:virtualAuthenticators: true}
Session ID: 1b8ff08ffc45ce78b99351464fb27b4a
*** Element info: {Using=xpath, value=//button[@aria-label='Logout']}
	at sun.reflect.NativeConstructorAccessorImpl.newInstance0(Native Method)
	at sun.reflect.NativeConstructorAccessorImpl.newInstance(NativeConstructorAccessorImpl.java:62)
	at sun.reflect.DelegatingConstructorAccessorImpl.newInstance(DelegatingConstructorAccessorImpl.java:45)
	at java.lang.reflect.Constructor.newInstance(Constructor.java:423)
	at org.openqa.selenium.remote.http.W3CHttpResponseCodec.createException(W3CHttpResponseCodec.java:187)
	at org.openqa.selenium.remote.http.W3CHttpResponseCodec.decode(W3CHttpResponseCodec.java:122)
	at org.openqa.selenium.remote.http.W3CHttpResponseCodec.decode(W3CHttpResponseCodec.java:49)
	at org.openqa.selenium.remote.HttpCommandExecutor.execute(HttpCommandExecutor.java:158)
	at org.openqa.selenium.remote.service.DriverCommandExecutor.execute(DriverCommandExecutor.java:83)
	at org.openqa.selenium.remote.RemoteWebDriver.execute(RemoteWebDriver.java:552)
	at org.openqa.selenium.remote.RemoteWebDriver.findElement(RemoteWebDriver.java:323)
	at org.openqa.selenium.remote.RemoteWebDriver.findElementByXPath(RemoteWebDriver.java:428)
	at org.openqa.selenium.By$ByXPath.findElement(By.java:353)
	at org.openqa.selenium.remote.RemoteWebDriver.findElement(RemoteWebDriver.java:315)
	at stepdef.Stepdef.click_on_Logout_Button(Stepdef.java:60)
	at ✽.Given Click on Logout Button(loginlogout.feature:14)
</pre></pre></td>
                                                    </tr>
                                                    <tr>
                                                        <td>Oct 21, 2022 10:17:49 PM</td>
                                                        <td class='linked' test-id='134'>candidate sign in and apply for job.Verify signed in Candidates apply for job.When Candidate clicks on apply button of Job</td>
                                                        <td><pre><pre>org.openqa.selenium.NoSuchWindowException: no such window: target window already closed
from unknown error: web view not found
  (Session info: chrome=106.0.5249.119)
Build info: version: '3.141.59', revision: 'e82be7d358', time: '2018-11-14T08:17:03'
System info: host: 'PAUL', ip: '192.168.1.5', os.name: 'Windows 10', os.arch: 'amd64', os.version: '10.0', java.version: '1.8.0_121'
Driver info: org.openqa.selenium.chrome.ChromeDriver
Capabilities {acceptInsecureCerts: false, browserName: chrome, browserVersion: 106.0.5249.119, chrome: {chromedriverVersion: 106.0.5249.61 (511755355844..., userDataDir: C:\Users\paul\AppData\Local...}, goog:chromeOptions: {debuggerAddress: localhost:51098}, javascriptEnabled: true, networkConnectionEnabled: false, pageLoadStrategy: normal, platform: WINDOWS, platformName: WINDOWS, proxy: Proxy(), setWindowRect: true, strictFileInteractability: false, timeouts: {implicit: 0, pageLoad: 300000, script: 30000}, unhandledPromptBehavior: dismiss and notify, webauthn:extension:credBlob: true, webauthn:extension:largeBlob: true, webauthn:virtualAuthenticators: true}
Session ID: 5cfac20e47fae22d685c2de74f856bba
*** Element info: {Using=xpath, value=//a[@id='hs-eu-confirmation-button']}
	at sun.reflect.NativeConstructorAccessorImpl.newInstance0(Native Method)
	at sun.reflect.NativeConstructorAccessorImpl.newInstance(NativeConstructorAccessorImpl.java:62)
	at sun.reflect.DelegatingConstructorAccessorImpl.newInstance(DelegatingConstructorAccessorImpl.java:45)
	at java.lang.reflect.Constructor.newInstance(Constructor.java:423)
	at org.openqa.selenium.remote.http.W3CHttpResponseCodec.createException(W3CHttpResponseCodec.java:187)
	at org.openqa.selenium.remote.http.W3CHttpResponseCodec.decode(W3CHttpResponseCodec.java:122)
	at org.openqa.selenium.remote.http.W3CHttpResponseCodec.decode(W3CHttpResponseCodec.java:49)
	at org.openqa.selenium.remote.HttpCommandExecutor.execute(HttpCommandExecutor.java:158)
	at org.openqa.selenium.remote.service.DriverCommandExecutor.execute(DriverCommandExecutor.java:83)
	at org.openqa.selenium.remote.RemoteWebDriver.execute(RemoteWebDriver.java:552)
	at org.openqa.selenium.remote.RemoteWebDriver.findElement(RemoteWebDriver.java:323)
	at org.openqa.selenium.remote.RemoteWebDriver.findElementByXPath(RemoteWebDriver.java:428)
	at org.openqa.selenium.By$ByXPath.findElement(By.java:353)
	at org.openqa.selenium.remote.RemoteWebDriver.findElement(RemoteWebDriver.java:315)
	at stepdef.Stepdef.candidate_clicks_on_apply_button_of_Job(Stepdef.java:549)
	at ✽.When Candidate clicks on apply button of Job(signinapply.feature:7)
</pre></pre></td>
                                                    </tr>
                                                    <tr>
                                                        <td>Oct 21, 2022 10:17:49 PM</td>
                                                        <td class='linked' test-id='138'>candidate sign in and apply for job.Verify Candidate registration.Verify Candidate registration.Given candidate click on register Link</td>
                                                        <td><pre><pre>org.openqa.selenium.NoSuchWindowException: no such window: target window already closed
from unknown error: web view not found
  (Session info: chrome=106.0.5249.119)
Build info: version: '3.141.59', revision: 'e82be7d358', time: '2018-11-14T08:17:03'
System info: host: 'PAUL', ip: '192.168.1.5', os.name: 'Windows 10', os.arch: 'amd64', os.version: '10.0', java.version: '1.8.0_121'
Driver info: org.openqa.selenium.chrome.ChromeDriver
Capabilities {acceptInsecureCerts: false, browserName: chrome, browserVersion: 106.0.5249.119, chrome: {chromedriverVersion: 106.0.5249.61 (511755355844..., userDataDir: C:\Users\paul\AppData\Local...}, goog:chromeOptions: {debuggerAddress: localhost:51098}, javascriptEnabled: true, networkConnectionEnabled: false, pageLoadStrategy: normal, platform: WINDOWS, platformName: WINDOWS, proxy: Proxy(), setWindowRect: true, strictFileInteractability: false, timeouts: {implicit: 0, pageLoad: 300000, script: 30000}, unhandledPromptBehavior: dismiss and notify, webauthn:extension:credBlob: true, webauthn:extension:largeBlob: true, webauthn:virtualAuthenticators: true}
Session ID: 5cfac20e47fae22d685c2de74f856bba
*** Element info: {Using=xpath, value=//a[text()='Register']}
	at sun.reflect.NativeConstructorAccessorImpl.newInstance0(Native Method)
	at sun.reflect.NativeConstructorAccessorImpl.newInstance(NativeConstructorAccessorImpl.java:62)
	at sun.reflect.DelegatingConstructorAccessorImpl.newInstance(DelegatingConstructorAccessorImpl.java:45)
	at java.lang.reflect.Constructor.newInstance(Constructor.java:423)
	at org.openqa.selenium.remote.http.W3CHttpResponseCodec.createException(W3CHttpResponseCodec.java:187)
	at org.openqa.selenium.remote.http.W3CHttpResponseCodec.decode(W3CHttpResponseCodec.java:122)
	at org.openqa.selenium.remote.http.W3CHttpResponseCodec.decode(W3CHttpResponseCodec.java:49)
	at org.openqa.selenium.remote.HttpCommandExecutor.execute(HttpCommandExecutor.java:158)
	at org.openqa.selenium.remote.service.DriverCommandExecutor.execute(DriverCommandExecutor.java:83)
	at org.openqa.selenium.remote.RemoteWebDriver.execute(RemoteWebDriver.java:552)
	at org.openqa.selenium.remote.RemoteWebDriver.findElement(RemoteWebDriver.java:323)
	at org.openqa.selenium.remote.RemoteWebDriver.findElementByXPath(RemoteWebDriver.java:428)
	at org.openqa.selenium.By$ByXPath.findElement(By.java:353)
	at org.openqa.selenium.remote.RemoteWebDriver.findElement(RemoteWebDriver.java:315)
	at stepdef.Stepdef.candidate_click_on_register_Link(Stepdef.java:561)
	at ✽.Given candidate click on register Link(signinapply.feature:12)
</pre></pre></td>
                                                    </tr>
                                        </tbody>
                                    </table>
                                </div>
                            </div>
                        </li>
                        <li class='exception displayed active'>
                            <div class='exception-heading'>
                                <span class='exception-name'>org.openqa.selenium.WebDriverException</span>
                                <span class='exception-count right'><span class='label red lighten-1 white-text'>1</span></span>
                            </div>
                            <div class='exception-content hide'>
                                <div class='exception-tests'>
                                    <table class='bordered table-results'>
                                        <thead>
                                        <tr>
                                            <th>Timestamp</th>
                                            <th>TestName</th>
                                            <th>Status</th>
                                        </tr>
                                        </thead>
                                        <tbody>
                                                    <tr>
                                                        <td>Oct 21, 2022 10:17:13 PM</td>
                                                        <td class='linked' test-id='29'>Create new Job with Basic Information.Verify Recruiter Ai Login Functionality.Given Launch Application using valid URL</td>
                                                        <td><pre><pre>org.openqa.selenium.WebDriverException: disconnected: received Inspector.detached event
  (failed to check if window was closed: disconnected: Unable to receive message from renderer)
  (Session info: chrome=106.0.5249.119)
Build info: version: '3.141.59', revision: 'e82be7d358', time: '2018-11-14T08:17:03'
System info: host: 'PAUL', ip: '192.168.1.5', os.name: 'Windows 10', os.arch: 'amd64', os.version: '10.0', java.version: '1.8.0_121'
Driver info: org.openqa.selenium.chrome.ChromeDriver
Capabilities {acceptInsecureCerts: false, browserName: chrome, browserVersion: 106.0.5249.119, chrome: {chromedriverVersion: 106.0.5249.61 (511755355844..., userDataDir: C:\Users\paul\AppData\Local...}, goog:chromeOptions: {debuggerAddress: localhost:50987}, javascriptEnabled: true, networkConnectionEnabled: false, pageLoadStrategy: normal, platform: WINDOWS, platformName: WINDOWS, proxy: Proxy(), setWindowRect: true, strictFileInteractability: false, timeouts: {implicit: 0, pageLoad: 300000, script: 30000}, unhandledPromptBehavior: dismiss and notify, webauthn:extension:credBlob: true, webauthn:extension:largeBlob: true, webauthn:virtualAuthenticators: true}
Session ID: 1b709870c31e6e05433eeedecad181d0
	at sun.reflect.NativeConstructorAccessorImpl.newInstance0(Native Method)
	at sun.reflect.NativeConstructorAccessorImpl.newInstance(NativeConstructorAccessorImpl.java:62)
	at sun.reflect.DelegatingConstructorAccessorImpl.newInstance(DelegatingConstructorAccessorImpl.java:45)
	at java.lang.reflect.Constructor.newInstance(Constructor.java:423)
	at org.openqa.selenium.remote.http.W3CHttpResponseCodec.createException(W3CHttpResponseCodec.java:187)
	at org.openqa.selenium.remote.http.W3CHttpResponseCodec.decode(W3CHttpResponseCodec.java:122)
	at org.openqa.selenium.remote.http.W3CHttpResponseCodec.decode(W3CHttpResponseCodec.java:49)
	at org.openqa.selenium.remote.HttpCommandExecutor.execute(HttpCommandExecutor.java:158)
	at org.openqa.selenium.remote.service.DriverCommandExecutor.execute(DriverCommandExecutor.java:83)
	at org.openqa.selenium.remote.RemoteWebDriver.execute(RemoteWebDriver.java:552)
	at org.openqa.selenium.remote.RemoteWebDriver.get(RemoteWebDriver.java:277)
	at stepdef.Stepdef.launch_Application_using_valid_URL(Stepdef.java:32)
	at ✽.Given Launch Application using valid URL(createbasicjob.feature:6)
</pre></pre></td>
                                                    </tr>
                                        </tbody>
                                    </table>
                                </div>
                            </div>
                        </li>
                </ul>
        </div>
    </div>

    <div class='subview-right left'>
        <div class='view-summary'>
            <h5 class='exception-name'></h5>
        </div>
    </div>
</div>
<!-- exception view -->
<div id='dashboard-view' class='view hide'>
	<div class='card-panel transparent np-v'>
		<h5>Dashboard</h5>

		<div class='row'>
			<div class='col s2'>
				<div class='card-panel r'>
					Features
					<div class='panel-lead'>6</div>
				</div>
			</div>
			<div class='col s2'>
				<div class='card-panel r'>
					Scenarios
					<div class='panel-lead'>14</div>
				</div>
			</div>
			<div class='col s2'>
				<div class='card-panel r'>
					Steps
					<div class='panel-lead'>132</div>
				</div>
			</div>
			<div class='col s2'>
				<div class='card-panel r'>
					Start
					<div class='panel-lead'>Oct 21, 2022 10:17:05 PM</div>
				</div>
			</div>
			<div class='col s2'>
				<div class='card-panel r'>
			 		End
			 		<div class='panel-lead'>Oct 21, 2022 10:17:49 PM</div>
				</div>
			</div>
			<div class='col s2'>
				<div class='card-panel r'>
					Time Taken
					<div class='panel-lead'>44,053ms</div>
				</div>
			</div>
			<div class='col s4'>
				<div class='card-panel dashboard-categories'>
					<span class='right label cyan white-text'>Categories</span><p>&nbsp;</p>
					
					<table>
						<tr>
							<th>Name</th>
							<th>Passed</th>
							<th>Failed</th>
							<th>Others</th>
						</tr>
						<tr>
							<td>@tag</td>
							<td>0</td>
							<td>12</td>
							<td>0</td>
						</tr>
						<tr>
							<td>@Registration</td>
							<td>0</td>
							<td>3</td>
							<td>0</td>
						</tr>
						<tr>
							<td>@Login</td>
							<td>0</td>
							<td>2</td>
							<td>0</td>
						</tr>
						<tr>
							<td>@CreateNewJob</td>
							<td>0</td>
							<td>2</td>
							<td>0</td>
						</tr>
						<tr>
							<td>@PrescreeningQuestions</td>
							<td>0</td>
							<td>1</td>
							<td>0</td>
						</tr>
						<tr>
							<td>@Attachments</td>
							<td>0</td>
							<td>1</td>
							<td>0</td>
						</tr>
						<tr>
							<td>@Guestapplyjob</td>
							<td>0</td>
							<td>1</td>
							<td>0</td>
						</tr>
						<tr>
							<td>@Application</td>
							<td>0</td>
							<td>1</td>
							<td>0</td>
						</tr>
						<tr>
							<td>@tag1</td>
							<td>0</td>
							<td>1</td>
							<td>0</td>
						</tr>
						<tr>
							<td>@Logout</td>
							<td>0</td>
							<td>1</td>
							<td>0</td>
						</tr>
						<tr>
							<td>@Signinapplyjob</td>
							<td>0</td>
							<td>1</td>
							<td>0</td>
						</tr>
					</table>
				</div>
			</div>
		</div>
	</div>
</div>
<!-- dashboard view -->
<!-- testrunner-logs view -->
		</div>
		<!-- container -->

		<script>
			var statusGroup = {
				passParent: 0,
				failParent: 6,
				fatalParent: 0,
				errorParent: 0,
				warningParent: 0,
				skipParent: 0,
				exceptionsParent: 6,
				
				passChild: 0,
				failChild: 14,
				fatalChild: 0,
				errorChild: 0,
				warningChild: 0,
				skipChild: 0,
				infoChild: 0,
				exceptionsChild: 14,
				
				passGrandChild: 6,
				failGrandChild: 14,
				fatalGrandChild: 0,
				errorGrandChild: 0,
				warningGrandChild: 0,
				skipGrandChild: 112,
				infoGrandChild: 0,
				exceptionsGrandChild: 126,
			};
		</script>
		
			<script src='https://cdn.rawgit.com/anshooarora/extentreports-java/fca20fb7653aade98810546ab96a2a4360e3e712/dist/js/extent.js' type='text/javascript'></script>
		
		
 		<script type='text/javascript'>
 		</script>
	</body>
	
</html>
